<?xml version="1.0" encoding="UTF-8"?>
<!DOCTYPE coverage SYSTEM "http://cobertura.sourceforge.net/xml/coverage-04.dtd">
<coverage line-rate="0.16666667" branch-rate="0" version="" timestamp="1668988449879" lines-covered="14" lines-valid="84" branches-covered="0" branches-valid="0" complexity="0">
  <sources>
    <source>/home/runner/work/scribe/scribe</source>
  </sources>
  <packages>
    <package name="github.com/insightsengineering/scribe/cmd" line-rate="0.17283951" branch-rate="0" complexity="0">
      <classes>
        <class name="-" filename="cmd/renv.go" line-rate="0.06818182" branch-rate="0" complexity="0">
          <methods>
            <method name="GetRenvLock" signature="" line-rate="0.33333334" branch-rate="0" complexity="0">
              <lines>
                <line number="59" hits="1"></line>
                <line number="60" hits="1"></line>
                <line number="61" hits="0"></line>
                <line number="62" hits="0"></line>
                <line number="63" hits="0"></line>
                <line number="65" hits="1"></line>
                <line number="66" hits="0"></line>
                <line number="67" hits="0"></line>
                <line number="68" hits="0"></line>
              </lines>
            </method>
            <method name="WriteRenvLock" signature="" line-rate="0" branch-rate="0" complexity="0">
              <lines>
                <line number="71" hits="0"></line>
                <line number="72" hits="0"></line>
                <line number="73" hits="0"></line>
                <line number="74" hits="0"></line>
                <line number="75" hits="0"></line>
                <line number="77" hits="0"></line>
                <line number="78" hits="0"></line>
                <line number="79" hits="0"></line>
                <line number="80" hits="0"></line>
              </lines>
            </method>
            <method name="ValidateRenvLock" signature="" line-rate="0" branch-rate="0" complexity="0">
              <lines>
                <line number="83" hits="0"></line>
                <line number="84" hits="0"></line>
                <line number="85" hits="0"></line>
                <line number="86" hits="0"></line>
                <line number="87" hits="0"></line>
                <line number="88" hits="0"></line>
                <line number="89" hits="0"></line>
                <line number="90" hits="0"></line>
                <line number="91" hits="0"></line>
                <line number="92" hits="0"></line>
                <line number="93" hits="0"></line>
                <line number="94" hits="0"></line>
                <line number="95" hits="0"></line>
                <line number="96" hits="0"></line>
                <line number="97" hits="0"></line>
                <line number="99" hits="0"></line>
                <line number="100" hits="0"></line>
                <line number="101" hits="0"></line>
                <line number="102" hits="0"></line>
                <line number="105" hits="0"></line>
                <line number="106" hits="0"></line>
                <line number="107" hits="0"></line>
                <line number="109" hits="0"></line>
                <line number="110" hits="0"></line>
                <line number="111" hits="0"></line>
                <line number="112" hits="0"></line>
              </lines>
            </method>
          </methods>
          <lines>
            <line number="59" hits="1"></line>
            <line number="60" hits="1"></line>
            <line number="61" hits="0"></line>
            <line number="62" hits="0"></line>
            <line number="63" hits="0"></line>
            <line number="65" hits="1"></line>
            <line number="66" hits="0"></line>
            <line number="67" hits="0"></line>
            <line number="68" hits="0"></line>
            <line number="71" hits="0"></line>
            <line number="72" hits="0"></line>
            <line number="73" hits="0"></line>
            <line number="74" hits="0"></line>
            <line number="75" hits="0"></line>
            <line number="77" hits="0"></line>
            <line number="78" hits="0"></line>
            <line number="79" hits="0"></line>
            <line number="80" hits="0"></line>
            <line number="83" hits="0"></line>
            <line number="84" hits="0"></line>
            <line number="85" hits="0"></line>
            <line number="86" hits="0"></line>
            <line number="87" hits="0"></line>
            <line number="88" hits="0"></line>
            <line number="89" hits="0"></line>
            <line number="90" hits="0"></line>
            <line number="91" hits="0"></line>
            <line number="92" hits="0"></line>
            <line number="93" hits="0"></line>
            <line number="94" hits="0"></line>
            <line number="95" hits="0"></line>
            <line number="96" hits="0"></line>
            <line number="97" hits="0"></line>
            <line number="99" hits="0"></line>
            <line number="100" hits="0"></line>
            <line number="101" hits="0"></line>
            <line number="102" hits="0"></line>
            <line number="105" hits="0"></line>
            <line number="106" hits="0"></line>
            <line number="107" hits="0"></line>
            <line number="109" hits="0"></line>
            <line number="110" hits="0"></line>
            <line number="111" hits="0"></line>
            <line number="112" hits="0"></line>
          </lines>
        </class>
        <class name="-" filename="cmd/root.go" line-rate="0.19354838" branch-rate="0" complexity="0">
          <methods>
            <method name="Execute" signature="" line-rate="0" branch-rate="0" complexity="0">
              <lines>
                <line number="39" hits="0"></line>
                <line number="40" hits="0"></line>
                <line number="41" hits="0"></line>
                <line number="42" hits="0"></line>
                <line number="43" hits="0"></line>
              </lines>
            </method>
            <method name="init" signature="" line-rate="1" branch-rate="0" complexity="0">
              <lines>
                <line number="46" hits="2"></line>
                <line number="47" hits="2"></line>
                <line number="48" hits="2"></line>
                <line number="49" hits="2"></line>
                <line number="50" hits="2"></line>
                <line number="51" hits="2"></line>
              </lines>
            </method>
            <method name="initConfig" signature="" line-rate="0" branch-rate="0" complexity="0">
              <lines>
                <line number="54" hits="0"></line>
                <line number="55" hits="0"></line>
                <line number="56" hits="0"></line>
                <line number="57" hits="0"></line>
                <line number="58" hits="0"></line>
                <line number="59" hits="0"></line>
                <line number="60" hits="0"></line>
                <line number="61" hits="0"></line>
                <line number="62" hits="0"></line>
                <line number="63" hits="0"></line>
                <line number="64" hits="0"></line>
                <line number="65" hits="0"></line>
                <line number="66" hits="0"></line>
                <line number="67" hits="0"></line>
                <line number="69" hits="0"></line>
                <line number="70" hits="0"></line>
                <line number="71" hits="0"></line>
                <line number="72" hits="0"></line>
                <line number="73" hits="0"></line>
                <line number="74" hits="0"></line>
              </lines>
            </method>
          </methods>
          <lines>
            <line number="39" hits="0"></line>
            <line number="40" hits="0"></line>
            <line number="41" hits="0"></line>
            <line number="42" hits="0"></line>
            <line number="43" hits="0"></line>
            <line number="46" hits="2"></line>
            <line number="47" hits="2"></line>
            <line number="48" hits="2"></line>
            <line number="49" hits="2"></line>
            <line number="50" hits="2"></line>
            <line number="51" hits="2"></line>
            <line number="54" hits="0"></line>
            <line number="55" hits="0"></line>
            <line number="56" hits="0"></line>
            <line number="57" hits="0"></line>
            <line number="58" hits="0"></line>
            <line number="59" hits="0"></line>
            <line number="60" hits="0"></line>
            <line number="61" hits="0"></line>
            <line number="62" hits="0"></line>
            <line number="63" hits="0"></line>
            <line number="64" hits="0"></line>
            <line number="65" hits="0"></line>
            <line number="66" hits="0"></line>
            <line number="67" hits="0"></line>
            <line number="69" hits="0"></line>
            <line number="70" hits="0"></line>
            <line number="71" hits="0"></line>
            <line number="72" hits="0"></line>
            <line number="73" hits="0"></line>
            <line number="74" hits="0"></line>
          </lines>
        </class>
        <class name="-" filename="cmd/utils.go" line-rate="0.8333333" branch-rate="0" complexity="0">
          <methods>
            <method name="stringInSlice" signature="" line-rate="0.8333333" branch-rate="0" complexity="0">
              <lines>
                <line number="18" hits="1"></line>
                <line number="19" hits="1"></line>
                <line number="20" hits="1"></line>
                <line number="21" hits="1"></line>
                <line number="22" hits="1"></line>
                <line number="24" hits="0"></line>
              </lines>
            </method>
          </methods>
          <lines>
            <line number="18" hits="1"></line>
            <line number="19" hits="1"></line>
            <line number="20" hits="1"></line>
            <line number="21" hits="1"></line>
            <line number="22" hits="1"></line>
            <line number="24" hits="0"></line>
          </lines>
        </class>
      </classes>
    </package>
    <package name="github.com/insightsengineering/scribe" line-rate="0" branch-rate="0" complexity="0">
      <classes>
        <class name="-" filename="main.go" line-rate="0" branch-rate="0" complexity="0">
          <methods>
            <method name="main" signature="" line-rate="0" branch-rate="0" complexity="0">
              <lines>
                <line number="5" hits="0"></line>
                <line number="6" hits="0"></line>
                <line number="7" hits="0"></line>
              </lines>
            </method>
          </methods>
          <lines>
            <line number="5" hits="0"></line>
            <line number="6" hits="0"></line>
            <line number="7" hits="0"></line>
          </lines>
        </class>
      </classes>
    </package>
  </packages>
</coverage>
