<?xml version="1.0" encoding="UTF-8"?>
<!DOCTYPE coverage SYSTEM "http://cobertura.sourceforge.net/xml/coverage-04.dtd">
<coverage line-rate="0.70731705" branch-rate="0" version="" timestamp="1669277097931" lines-covered="377" lines-valid="533" branches-covered="0" branches-valid="0" complexity="0">
  <sources>
    <source>/home/runner/work/scribe/scribe</source>
  </sources>
  <packages>
    <package name="github.com/insightsengineering/scribe/cmd" line-rate="0.71132076" branch-rate="0" complexity="0">
      <classes>
        <class name="-" filename="cmd/download.go" line-rate="0.77020204" branch-rate="0" complexity="0">
          <methods>
            <method name="getRepositoryURL" signature="" line-rate="1" branch-rate="0" complexity="0">
              <lines>
                <line number="87" hits="11"></line>
                <line number="88" hits="11"></line>
                <line number="89" hits="11"></line>
                <line number="90" hits="2"></line>
                <line number="91" hits="2"></line>
                <line number="92" hits="2"></line>
                <line number="93" hits="2"></line>
                <line number="94" hits="1"></line>
                <line number="95" hits="1"></line>
                <line number="96" hits="6"></line>
                <line number="97" hits="6"></line>
                <line number="99" hits="11"></line>
              </lines>
            </method>
            <method name="downloadFile" signature="" line-rate="0" branch-rate="0" complexity="0">
              <lines>
                <line number="103" hits="0"></line>
                <line number="104" hits="0"></line>
                <line number="105" hits="0"></line>
                <line number="106" hits="0"></line>
                <line number="107" hits="0"></line>
                <line number="108" hits="0"></line>
                <line number="109" hits="0"></line>
                <line number="110" hits="0"></line>
                <line number="111" hits="0"></line>
                <line number="112" hits="0"></line>
                <line number="113" hits="0"></line>
                <line number="114" hits="0"></line>
                <line number="115" hits="0"></line>
                <line number="116" hits="0"></line>
                <line number="117" hits="0"></line>
                <line number="118" hits="0"></line>
                <line number="119" hits="0"></line>
                <line number="120" hits="0"></line>
                <line number="121" hits="0"></line>
                <line number="122" hits="0"></line>
                <line number="124" hits="0"></line>
                <line number="126" hits="0"></line>
              </lines>
            </method>
            <method name="cloneGitRepo" signature="" line-rate="0" branch-rate="0" complexity="0">
              <lines>
                <line number="131" hits="0"></line>
                <line number="132" hits="0"></line>
                <line number="133" hits="0"></line>
                <line number="134" hits="0"></line>
                <line number="135" hits="0"></line>
                <line number="136" hits="0"></line>
                <line number="137" hits="0"></line>
                <line number="138" hits="0"></line>
                <line number="139" hits="0"></line>
                <line number="140" hits="0"></line>
                <line number="141" hits="0"></line>
                <line number="142" hits="0"></line>
                <line number="143" hits="0"></line>
                <line number="144" hits="0"></line>
                <line number="145" hits="0"></line>
                <line number="147" hits="0"></line>
                <line number="148" hits="0"></line>
                <line number="149" hits="0"></line>
                <line number="150" hits="0"></line>
                <line number="151" hits="0"></line>
                <line number="152" hits="0"></line>
                <line number="153" hits="0"></line>
                <line number="154" hits="0"></line>
                <line number="155" hits="0"></line>
                <line number="156" hits="0"></line>
              </lines>
            </method>
            <method name="getPackageDetails" signature="" line-rate="1" branch-rate="0" complexity="0">
              <lines>
                <line number="162" hits="15"></line>
                <line number="163" hits="15"></line>
                <line number="164" hits="15"></line>
                <line number="165" hits="7"></line>
                <line number="166" hits="7"></line>
                <line number="167" hits="7"></line>
                <line number="168" hits="7"></line>
                <line number="169" hits="7"></line>
                <line number="170" hits="2"></line>
                <line number="171" hits="2"></line>
                <line number="172" hits="2"></line>
                <line number="173" hits="2"></line>
                <line number="174" hits="2"></line>
                <line number="175" hits="2"></line>
                <line number="176" hits="5"></line>
                <line number="177" hits="5"></line>
                <line number="178" hits="2"></line>
                <line number="179" hits="2"></line>
                <line number="180" hits="2"></line>
                <line number="181" hits="2"></line>
                <line number="182" hits="1"></line>
                <line number="183" hits="1"></line>
                <line number="184" hits="1"></line>
                <line number="186" hits="1"></line>
                <line number="187" hits="1"></line>
                <line number="190" hits="5"></line>
                <line number="191" hits="5"></line>
                <line number="192" hits="5"></line>
                <line number="193" hits="5"></line>
                <line number="194" hits="5"></line>
                <line number="195" hits="5"></line>
                <line number="196" hits="5"></line>
                <line number="198" hits="4"></line>
                <line number="199" hits="4"></line>
                <line number="200" hits="4"></line>
                <line number="201" hits="4"></line>
                <line number="202" hits="14"></line>
                <line number="203" hits="2"></line>
                <line number="204" hits="2"></line>
                <line number="205" hits="2"></line>
                <line number="206" hits="2"></line>
                <line number="207" hits="2"></line>
                <line number="208" hits="2"></line>
                <line number="209" hits="2"></line>
                <line number="210" hits="2"></line>
                <line number="211" hits="2"></line>
                <line number="215" hits="2"></line>
                <line number="216" hits="2"></line>
                <line number="217" hits="2"></line>
                <line number="218" hits="1"></line>
                <line number="219" hits="1"></line>
                <line number="220" hits="1"></line>
                <line number="222" hits="1"></line>
                <line number="223" hits="1"></line>
                <line number="226" hits="2"></line>
                <line number="227" hits="2"></line>
                <line number="228" hits="2"></line>
                <line number="229" hits="2"></line>
                <line number="230" hits="2"></line>
                <line number="231" hits="2"></line>
                <line number="233" hits="1"></line>
                <line number="234" hits="1"></line>
                <line number="235" hits="1"></line>
                <line number="236" hits="1"></line>
                <line number="237" hits="1"></line>
                <line number="238" hits="1"></line>
                <line number="239" hits="1"></line>
                <line number="240" hits="1"></line>
                <line number="241" hits="1"></line>
                <line number="242" hits="1"></line>
                <line number="244" hits="1"></line>
                <line number="245" hits="1"></line>
                <line number="246" hits="1"></line>
                <line number="247" hits="1"></line>
                <line number="248" hits="1"></line>
              </lines>
            </method>
            <method name="downloadSinglePackage" signature="" line-rate="0.5135135" branch-rate="0" complexity="0">
              <lines>
                <line number="259" hits="6"></line>
                <line number="260" hits="6"></line>
                <line number="261" hits="6"></line>
                <line number="262" hits="6"></line>
                <line number="263" hits="6"></line>
                <line number="264" hits="6"></line>
                <line number="265" hits="6"></line>
                <line number="266" hits="6"></line>
                <line number="267" hits="6"></line>
                <line number="268" hits="0"></line>
                <line number="269" hits="0"></line>
                <line number="270" hits="0"></line>
                <line number="271" hits="4"></line>
                <line number="272" hits="4"></line>
                <line number="273" hits="0"></line>
                <line number="274" hits="0"></line>
                <line number="275" hits="0"></line>
                <line number="276" hits="4"></line>
                <line number="277" hits="1"></line>
                <line number="278" hits="1"></line>
                <line number="279" hits="1"></line>
                <line number="280" hits="1"></line>
                <line number="281" hits="1"></line>
                <line number="282" hits="1"></line>
                <line number="283" hits="0"></line>
                <line number="284" hits="0"></line>
                <line number="285" hits="0"></line>
                <line number="286" hits="0"></line>
                <line number="287" hits="0"></line>
                <line number="288" hits="0"></line>
                <line number="289" hits="0"></line>
                <line number="290" hits="0"></line>
                <line number="291" hits="0"></line>
                <line number="292" hits="0"></line>
                <line number="293" hits="0"></line>
                <line number="294" hits="0"></line>
                <line number="296" hits="6"></line>
              </lines>
            </method>
            <method name="parsePackagesFile" signature="" line-rate="1" branch-rate="0" complexity="0">
              <lines>
                <line number="302" hits="6"></line>
                <line number="303" hits="6"></line>
                <line number="304" hits="6"></line>
                <line number="305" hits="6"></line>
                <line number="306" hits="6"></line>
                <line number="307" hits="6"></line>
                <line number="308" hits="6"></line>
                <line number="309" hits="6"></line>
                <line number="310" hits="6"></line>
                <line number="311" hits="6"></line>
                <line number="312" hits="6"></line>
                <line number="313" hits="26"></line>
                <line number="314" hits="4"></line>
                <line number="315" hits="4"></line>
                <line number="316" hits="4"></line>
                <line number="317" hits="4"></line>
                <line number="318" hits="4"></line>
                <line number="319" hits="4"></line>
                <line number="320" hits="4"></line>
                <line number="321" hits="4"></line>
                <line number="322" hits="4"></line>
                <line number="323" hits="4"></line>
                <line number="324" hits="4"></line>
                <line number="327" hits="4"></line>
                <line number="328" hits="4"></line>
                <line number="329" hits="4"></line>
                <line number="330" hits="4"></line>
                <line number="331" hits="4"></line>
              </lines>
            </method>
            <method name="getBiocUrls" signature="" line-rate="1" branch-rate="0" complexity="0">
              <lines>
                <line number="335" hits="2"></line>
                <line number="336" hits="2"></line>
                <line number="337" hits="8"></line>
                <line number="338" hits="8"></line>
                <line number="339" hits="8"></line>
              </lines>
            </method>
            <method name="getBioConductorPackages" signature="" line-rate="1" branch-rate="0" complexity="0">
              <lines>
                <line number="344" hits="1"></line>
                <line number="345" hits="1"></line>
                <line number="346" hits="1"></line>
                <line number="347" hits="4"></line>
                <line number="348" hits="4"></line>
                <line number="349" hits="4"></line>
                <line number="350" hits="4"></line>
                <line number="351" hits="4"></line>
                <line number="352" hits="4"></line>
                <line number="353" hits="4"></line>
                <line number="354" hits="4"></line>
                <line number="355" hits="4"></line>
                <line number="356" hits="4"></line>
                <line number="357" hits="4"></line>
                <line number="358" hits="4"></line>
                <line number="359" hits="4"></line>
              </lines>
            </method>
            <method name="computeChecksums" signature="" line-rate="0.30769232" branch-rate="0" complexity="0">
              <lines>
                <line number="365" hits="1"></line>
                <line number="366" hits="1"></line>
                <line number="367" hits="0"></line>
                <line number="368" hits="0"></line>
                <line number="369" hits="0"></line>
                <line number="370" hits="0"></line>
                <line number="371" hits="0"></line>
                <line number="372" hits="0"></line>
                <line number="373" hits="0"></line>
                <line number="374" hits="0"></line>
                <line number="375" hits="0"></line>
                <line number="376" hits="1"></line>
                <line number="378" hits="1"></line>
              </lines>
            </method>
            <method name="downloadResultReceiver" signature="" line-rate="0.7307692" branch-rate="0" complexity="0">
              <lines>
                <line number="385" hits="1"></line>
                <line number="386" hits="1"></line>
                <line number="387" hits="1"></line>
                <line number="388" hits="1"></line>
                <line number="389" hits="1"></line>
                <line number="390" hits="1"></line>
                <line number="391" hits="0"></line>
                <line number="392" hits="0"></line>
                <line number="393" hits="0"></line>
                <line number="394" hits="0"></line>
                <line number="395" hits="0"></line>
                <line number="396" hits="0"></line>
                <line number="397" hits="1"></line>
                <line number="398" hits="1"></line>
                <line number="399" hits="27"></line>
                <line number="400" hits="6"></line>
                <line number="401" hits="5"></line>
                <line number="402" hits="5"></line>
                <line number="403" hits="5"></line>
                <line number="404" hits="1"></line>
                <line number="405" hits="1"></line>
                <line number="406" hits="1"></line>
                <line number="407" hits="6"></line>
                <line number="408" hits="6"></line>
                <line number="409" hits="0"></line>
                <line number="410" hits="0"></line>
                <line number="411" hits="0"></line>
                <line number="412" hits="0"></line>
                <line number="413" hits="6"></line>
                <line number="414" hits="6"></line>
                <line number="415" hits="6"></line>
                <line number="416" hits="5"></line>
                <line number="417" hits="5"></line>
                <line number="418" hits="1"></line>
                <line number="419" hits="1"></line>
                <line number="420" hits="1"></line>
                <line number="421" hits="1"></line>
                <line number="423" hits="6"></line>
                <line number="424" hits="6"></line>
                <line number="425" hits="6"></line>
                <line number="426" hits="6"></line>
                <line number="427" hits="6"></line>
                <line number="428" hits="0"></line>
                <line number="429" hits="0"></line>
                <line number="430" hits="0"></line>
                <line number="431" hits="0"></line>
                <line number="432" hits="21"></line>
                <line number="433" hits="21"></line>
                <line number="434" hits="21"></line>
                <line number="438" hits="1"></line>
                <line number="439" hits="1"></line>
                <line number="443" hits="1"></line>
              </lines>
            </method>
            <method name="downloadPackages" signature="" line-rate="0.972973" branch-rate="0" complexity="0">
              <lines>
                <line number="449" hits="1"></line>
                <line number="450" hits="1"></line>
                <line number="451" hits="1"></line>
                <line number="452" hits="1"></line>
                <line number="453" hits="1"></line>
                <line number="454" hits="1"></line>
                <line number="455" hits="1"></line>
                <line number="456" hits="3"></line>
                <line number="457" hits="3"></line>
                <line number="458" hits="3"></line>
                <line number="459" hits="3"></line>
                <line number="460" hits="3"></line>
                <line number="463" hits="1"></line>
                <line number="464" hits="1"></line>
                <line number="465" hits="1"></line>
                <line number="466" hits="1"></line>
                <line number="467" hits="1"></line>
                <line number="468" hits="1"></line>
                <line number="469" hits="1"></line>
                <line number="470" hits="1"></line>
                <line number="471" hits="1"></line>
                <line number="472" hits="1"></line>
                <line number="473" hits="1"></line>
                <line number="474" hits="1"></line>
                <line number="475" hits="1"></line>
                <line number="477" hits="1"></line>
                <line number="478" hits="1"></line>
                <line number="479" hits="1"></line>
                <line number="480" hits="1"></line>
                <line number="481" hits="1"></line>
                <line number="482" hits="1"></line>
                <line number="483" hits="1"></line>
                <line number="484" hits="1"></line>
                <line number="485" hits="1"></line>
                <line number="486" hits="1"></line>
                <line number="487" hits="1"></line>
                <line number="488" hits="1"></line>
                <line number="489" hits="1"></line>
                <line number="490" hits="1"></line>
                <line number="491" hits="1"></line>
                <line number="492" hits="1"></line>
                <line number="493" hits="1"></line>
                <line number="494" hits="1"></line>
                <line number="495" hits="1"></line>
                <line number="502" hits="1"></line>
                <line number="503" hits="1"></line>
                <line number="504" hits="1"></line>
                <line number="505" hits="1"></line>
                <line number="506" hits="1"></line>
                <line number="507" hits="1"></line>
                <line number="508" hits="0"></line>
                <line number="509" hits="0"></line>
                <line number="510" hits="0"></line>
                <line number="512" hits="1"></line>
                <line number="513" hits="1"></line>
                <line number="514" hits="1"></line>
                <line number="515" hits="1"></line>
                <line number="516" hits="1"></line>
                <line number="517" hits="1"></line>
                <line number="518" hits="1"></line>
                <line number="519" hits="1"></line>
                <line number="520" hits="1"></line>
                <line number="521" hits="1"></line>
                <line number="522" hits="1"></line>
                <line number="523" hits="1"></line>
                <line number="524" hits="1"></line>
                <line number="525" hits="1"></line>
                <line number="526" hits="1"></line>
                <line number="527" hits="1"></line>
                <line number="528" hits="1"></line>
                <line number="529" hits="1"></line>
                <line number="530" hits="1"></line>
                <line number="531" hits="1"></line>
                <line number="532" hits="1"></line>
                <line number="533" hits="1"></line>
                <line number="534" hits="6"></line>
                <line number="535" hits="6"></line>
                <line number="536" hits="6"></line>
                <line number="537" hits="6"></line>
                <line number="538" hits="6"></line>
                <line number="539" hits="6"></line>
                <line number="540" hits="6"></line>
                <line number="541" hits="6"></line>
                <line number="542" hits="6"></line>
                <line number="546" hits="1"></line>
                <line number="547" hits="1"></line>
                <line number="548" hits="1"></line>
                <line number="549" hits="1"></line>
                <line number="550" hits="1"></line>
                <line number="551" hits="1"></line>
                <line number="554" hits="1"></line>
                <line number="555" hits="1"></line>
                <line number="556" hits="1"></line>
                <line number="557" hits="1"></line>
                <line number="558" hits="1"></line>
                <line number="559" hits="1"></line>
                <line number="560" hits="1"></line>
                <line number="561" hits="1"></line>
                <line number="562" hits="1"></line>
                <line number="563" hits="1"></line>
                <line number="564" hits="1"></line>
                <line number="565" hits="1"></line>
                <line number="566" hits="1"></line>
                <line number="567" hits="1"></line>
                <line number="568" hits="1"></line>
                <line number="569" hits="1"></line>
                <line number="570" hits="1"></line>
                <line number="571" hits="1"></line>
                <line number="572" hits="1"></line>
                <line number="573" hits="1"></line>
                <line number="574" hits="1"></line>
              </lines>
            </method>
          </methods>
          <lines>
            <line number="87" hits="11"></line>
            <line number="88" hits="11"></line>
            <line number="89" hits="11"></line>
            <line number="90" hits="2"></line>
            <line number="91" hits="2"></line>
            <line number="92" hits="2"></line>
            <line number="93" hits="2"></line>
            <line number="94" hits="1"></line>
            <line number="95" hits="1"></line>
            <line number="96" hits="6"></line>
            <line number="97" hits="6"></line>
            <line number="99" hits="11"></line>
            <line number="103" hits="0"></line>
            <line number="104" hits="0"></line>
            <line number="105" hits="0"></line>
            <line number="106" hits="0"></line>
            <line number="107" hits="0"></line>
            <line number="108" hits="0"></line>
            <line number="109" hits="0"></line>
            <line number="110" hits="0"></line>
            <line number="111" hits="0"></line>
            <line number="112" hits="0"></line>
            <line number="113" hits="0"></line>
            <line number="114" hits="0"></line>
            <line number="115" hits="0"></line>
            <line number="116" hits="0"></line>
            <line number="117" hits="0"></line>
            <line number="118" hits="0"></line>
            <line number="119" hits="0"></line>
            <line number="120" hits="0"></line>
            <line number="121" hits="0"></line>
            <line number="122" hits="0"></line>
            <line number="124" hits="0"></line>
            <line number="126" hits="0"></line>
            <line number="131" hits="0"></line>
            <line number="132" hits="0"></line>
            <line number="133" hits="0"></line>
            <line number="134" hits="0"></line>
            <line number="135" hits="0"></line>
            <line number="136" hits="0"></line>
            <line number="137" hits="0"></line>
            <line number="138" hits="0"></line>
            <line number="139" hits="0"></line>
            <line number="140" hits="0"></line>
            <line number="141" hits="0"></line>
            <line number="142" hits="0"></line>
            <line number="143" hits="0"></line>
            <line number="144" hits="0"></line>
            <line number="145" hits="0"></line>
            <line number="147" hits="0"></line>
            <line number="148" hits="0"></line>
            <line number="149" hits="0"></line>
            <line number="150" hits="0"></line>
            <line number="151" hits="0"></line>
            <line number="152" hits="0"></line>
            <line number="153" hits="0"></line>
            <line number="154" hits="0"></line>
            <line number="155" hits="0"></line>
            <line number="156" hits="0"></line>
            <line number="162" hits="15"></line>
            <line number="163" hits="15"></line>
            <line number="164" hits="15"></line>
            <line number="165" hits="7"></line>
            <line number="166" hits="7"></line>
            <line number="167" hits="7"></line>
            <line number="168" hits="7"></line>
            <line number="169" hits="7"></line>
            <line number="170" hits="2"></line>
            <line number="171" hits="2"></line>
            <line number="172" hits="2"></line>
            <line number="173" hits="2"></line>
            <line number="174" hits="2"></line>
            <line number="175" hits="2"></line>
            <line number="176" hits="5"></line>
            <line number="177" hits="5"></line>
            <line number="178" hits="2"></line>
            <line number="179" hits="2"></line>
            <line number="180" hits="2"></line>
            <line number="181" hits="2"></line>
            <line number="182" hits="1"></line>
            <line number="183" hits="1"></line>
            <line number="184" hits="1"></line>
            <line number="186" hits="1"></line>
            <line number="187" hits="1"></line>
            <line number="190" hits="5"></line>
            <line number="191" hits="5"></line>
            <line number="192" hits="5"></line>
            <line number="193" hits="5"></line>
            <line number="194" hits="5"></line>
            <line number="195" hits="5"></line>
            <line number="196" hits="5"></line>
            <line number="198" hits="4"></line>
            <line number="199" hits="4"></line>
            <line number="200" hits="4"></line>
            <line number="201" hits="4"></line>
            <line number="202" hits="14"></line>
            <line number="203" hits="2"></line>
            <line number="204" hits="2"></line>
            <line number="205" hits="2"></line>
            <line number="206" hits="2"></line>
            <line number="207" hits="2"></line>
            <line number="208" hits="2"></line>
            <line number="209" hits="2"></line>
            <line number="210" hits="2"></line>
            <line number="211" hits="2"></line>
            <line number="215" hits="2"></line>
            <line number="216" hits="2"></line>
            <line number="217" hits="2"></line>
            <line number="218" hits="1"></line>
            <line number="219" hits="1"></line>
            <line number="220" hits="1"></line>
            <line number="222" hits="1"></line>
            <line number="223" hits="1"></line>
            <line number="226" hits="2"></line>
            <line number="227" hits="2"></line>
            <line number="228" hits="2"></line>
            <line number="229" hits="2"></line>
            <line number="230" hits="2"></line>
            <line number="231" hits="2"></line>
            <line number="233" hits="1"></line>
            <line number="234" hits="1"></line>
            <line number="235" hits="1"></line>
            <line number="236" hits="1"></line>
            <line number="237" hits="1"></line>
            <line number="238" hits="1"></line>
            <line number="239" hits="1"></line>
            <line number="240" hits="1"></line>
            <line number="241" hits="1"></line>
            <line number="242" hits="1"></line>
            <line number="244" hits="1"></line>
            <line number="245" hits="1"></line>
            <line number="246" hits="1"></line>
            <line number="247" hits="1"></line>
            <line number="248" hits="1"></line>
            <line number="259" hits="6"></line>
            <line number="260" hits="6"></line>
            <line number="261" hits="6"></line>
            <line number="262" hits="6"></line>
            <line number="263" hits="6"></line>
            <line number="264" hits="6"></line>
            <line number="265" hits="6"></line>
            <line number="266" hits="6"></line>
            <line number="267" hits="6"></line>
            <line number="268" hits="0"></line>
            <line number="269" hits="0"></line>
            <line number="270" hits="0"></line>
            <line number="271" hits="4"></line>
            <line number="272" hits="4"></line>
            <line number="273" hits="0"></line>
            <line number="274" hits="0"></line>
            <line number="275" hits="0"></line>
            <line number="276" hits="4"></line>
            <line number="277" hits="1"></line>
            <line number="278" hits="1"></line>
            <line number="279" hits="1"></line>
            <line number="280" hits="1"></line>
            <line number="281" hits="1"></line>
            <line number="282" hits="1"></line>
            <line number="283" hits="0"></line>
            <line number="284" hits="0"></line>
            <line number="285" hits="0"></line>
            <line number="286" hits="0"></line>
            <line number="287" hits="0"></line>
            <line number="288" hits="0"></line>
            <line number="289" hits="0"></line>
            <line number="290" hits="0"></line>
            <line number="291" hits="0"></line>
            <line number="292" hits="0"></line>
            <line number="293" hits="0"></line>
            <line number="294" hits="0"></line>
            <line number="296" hits="6"></line>
            <line number="302" hits="6"></line>
            <line number="303" hits="6"></line>
            <line number="304" hits="6"></line>
            <line number="305" hits="6"></line>
            <line number="306" hits="6"></line>
            <line number="307" hits="6"></line>
            <line number="308" hits="6"></line>
            <line number="309" hits="6"></line>
            <line number="310" hits="6"></line>
            <line number="311" hits="6"></line>
            <line number="312" hits="6"></line>
            <line number="313" hits="26"></line>
            <line number="314" hits="4"></line>
            <line number="315" hits="4"></line>
            <line number="316" hits="4"></line>
            <line number="317" hits="4"></line>
            <line number="318" hits="4"></line>
            <line number="319" hits="4"></line>
            <line number="320" hits="4"></line>
            <line number="321" hits="4"></line>
            <line number="322" hits="4"></line>
            <line number="323" hits="4"></line>
            <line number="324" hits="4"></line>
            <line number="327" hits="4"></line>
            <line number="328" hits="4"></line>
            <line number="329" hits="4"></line>
            <line number="330" hits="4"></line>
            <line number="331" hits="4"></line>
            <line number="335" hits="2"></line>
            <line number="336" hits="2"></line>
            <line number="337" hits="8"></line>
            <line number="338" hits="8"></line>
            <line number="339" hits="8"></line>
            <line number="344" hits="1"></line>
            <line number="345" hits="1"></line>
            <line number="346" hits="1"></line>
            <line number="347" hits="4"></line>
            <line number="348" hits="4"></line>
            <line number="349" hits="4"></line>
            <line number="350" hits="4"></line>
            <line number="351" hits="4"></line>
            <line number="352" hits="4"></line>
            <line number="353" hits="4"></line>
            <line number="354" hits="4"></line>
            <line number="355" hits="4"></line>
            <line number="356" hits="4"></line>
            <line number="357" hits="4"></line>
            <line number="358" hits="4"></line>
            <line number="359" hits="4"></line>
            <line number="365" hits="1"></line>
            <line number="366" hits="1"></line>
            <line number="367" hits="0"></line>
            <line number="368" hits="0"></line>
            <line number="369" hits="0"></line>
            <line number="370" hits="0"></line>
            <line number="371" hits="0"></line>
            <line number="372" hits="0"></line>
            <line number="373" hits="0"></line>
            <line number="374" hits="0"></line>
            <line number="375" hits="0"></line>
            <line number="376" hits="1"></line>
            <line number="378" hits="1"></line>
            <line number="385" hits="1"></line>
            <line number="386" hits="1"></line>
            <line number="387" hits="1"></line>
            <line number="388" hits="1"></line>
            <line number="389" hits="1"></line>
            <line number="390" hits="1"></line>
            <line number="391" hits="0"></line>
            <line number="392" hits="0"></line>
            <line number="393" hits="0"></line>
            <line number="394" hits="0"></line>
            <line number="395" hits="0"></line>
            <line number="396" hits="0"></line>
            <line number="397" hits="1"></line>
            <line number="398" hits="1"></line>
            <line number="399" hits="27"></line>
            <line number="400" hits="6"></line>
            <line number="401" hits="5"></line>
            <line number="402" hits="5"></line>
            <line number="403" hits="5"></line>
            <line number="404" hits="1"></line>
            <line number="405" hits="1"></line>
            <line number="406" hits="1"></line>
            <line number="407" hits="6"></line>
            <line number="408" hits="6"></line>
            <line number="409" hits="0"></line>
            <line number="410" hits="0"></line>
            <line number="411" hits="0"></line>
            <line number="412" hits="0"></line>
            <line number="413" hits="6"></line>
            <line number="414" hits="6"></line>
            <line number="415" hits="6"></line>
            <line number="416" hits="5"></line>
            <line number="417" hits="5"></line>
            <line number="418" hits="1"></line>
            <line number="419" hits="1"></line>
            <line number="420" hits="1"></line>
            <line number="421" hits="1"></line>
            <line number="423" hits="6"></line>
            <line number="424" hits="6"></line>
            <line number="425" hits="6"></line>
            <line number="426" hits="6"></line>
            <line number="427" hits="6"></line>
            <line number="428" hits="0"></line>
            <line number="429" hits="0"></line>
            <line number="430" hits="0"></line>
            <line number="431" hits="0"></line>
            <line number="432" hits="21"></line>
            <line number="433" hits="21"></line>
            <line number="434" hits="21"></line>
            <line number="438" hits="1"></line>
            <line number="439" hits="1"></line>
            <line number="443" hits="1"></line>
            <line number="449" hits="1"></line>
            <line number="450" hits="1"></line>
            <line number="451" hits="1"></line>
            <line number="452" hits="1"></line>
            <line number="453" hits="1"></line>
            <line number="454" hits="1"></line>
            <line number="455" hits="1"></line>
            <line number="456" hits="3"></line>
            <line number="457" hits="3"></line>
            <line number="458" hits="3"></line>
            <line number="459" hits="3"></line>
            <line number="460" hits="3"></line>
            <line number="463" hits="1"></line>
            <line number="464" hits="1"></line>
            <line number="465" hits="1"></line>
            <line number="466" hits="1"></line>
            <line number="467" hits="1"></line>
            <line number="468" hits="1"></line>
            <line number="469" hits="1"></line>
            <line number="470" hits="1"></line>
            <line number="471" hits="1"></line>
            <line number="472" hits="1"></line>
            <line number="473" hits="1"></line>
            <line number="474" hits="1"></line>
            <line number="475" hits="1"></line>
            <line number="477" hits="1"></line>
            <line number="478" hits="1"></line>
            <line number="479" hits="1"></line>
            <line number="480" hits="1"></line>
            <line number="481" hits="1"></line>
            <line number="482" hits="1"></line>
            <line number="483" hits="1"></line>
            <line number="484" hits="1"></line>
            <line number="485" hits="1"></line>
            <line number="486" hits="1"></line>
            <line number="487" hits="1"></line>
            <line number="488" hits="1"></line>
            <line number="489" hits="1"></line>
            <line number="490" hits="1"></line>
            <line number="491" hits="1"></line>
            <line number="492" hits="1"></line>
            <line number="493" hits="1"></line>
            <line number="494" hits="1"></line>
            <line number="495" hits="1"></line>
            <line number="502" hits="1"></line>
            <line number="503" hits="1"></line>
            <line number="504" hits="1"></line>
            <line number="505" hits="1"></line>
            <line number="506" hits="1"></line>
            <line number="507" hits="1"></line>
            <line number="508" hits="0"></line>
            <line number="509" hits="0"></line>
            <line number="510" hits="0"></line>
            <line number="512" hits="1"></line>
            <line number="513" hits="1"></line>
            <line number="514" hits="1"></line>
            <line number="515" hits="1"></line>
            <line number="516" hits="1"></line>
            <line number="517" hits="1"></line>
            <line number="518" hits="1"></line>
            <line number="519" hits="1"></line>
            <line number="520" hits="1"></line>
            <line number="521" hits="1"></line>
            <line number="522" hits="1"></line>
            <line number="523" hits="1"></line>
            <line number="524" hits="1"></line>
            <line number="525" hits="1"></line>
            <line number="526" hits="1"></line>
            <line number="527" hits="1"></line>
            <line number="528" hits="1"></line>
            <line number="529" hits="1"></line>
            <line number="530" hits="1"></line>
            <line number="531" hits="1"></line>
            <line number="532" hits="1"></line>
            <line number="533" hits="1"></line>
            <line number="534" hits="6"></line>
            <line number="535" hits="6"></line>
            <line number="536" hits="6"></line>
            <line number="537" hits="6"></line>
            <line number="538" hits="6"></line>
            <line number="539" hits="6"></line>
            <line number="540" hits="6"></line>
            <line number="541" hits="6"></line>
            <line number="542" hits="6"></line>
            <line number="546" hits="1"></line>
            <line number="547" hits="1"></line>
            <line number="548" hits="1"></line>
            <line number="549" hits="1"></line>
            <line number="550" hits="1"></line>
            <line number="551" hits="1"></line>
            <line number="554" hits="1"></line>
            <line number="555" hits="1"></line>
            <line number="556" hits="1"></line>
            <line number="557" hits="1"></line>
            <line number="558" hits="1"></line>
            <line number="559" hits="1"></line>
            <line number="560" hits="1"></line>
            <line number="561" hits="1"></line>
            <line number="562" hits="1"></line>
            <line number="563" hits="1"></line>
            <line number="564" hits="1"></line>
            <line number="565" hits="1"></line>
            <line number="566" hits="1"></line>
            <line number="567" hits="1"></line>
            <line number="568" hits="1"></line>
            <line number="569" hits="1"></line>
            <line number="570" hits="1"></line>
            <line number="571" hits="1"></line>
            <line number="572" hits="1"></line>
            <line number="573" hits="1"></line>
            <line number="574" hits="1"></line>
          </lines>
        </class>
        <class name="-" filename="cmd/renv.go" line-rate="1" branch-rate="0" complexity="0">
          <methods>
            <method name="getRenvLock" signature="" line-rate="1" branch-rate="0" complexity="0">
              <lines>
                <line number="60" hits="5"></line>
                <line number="61" hits="5"></line>
                <line number="62" hits="5"></line>
                <line number="63" hits="5"></line>
                <line number="64" hits="5"></line>
                <line number="65" hits="5"></line>
                <line number="66" hits="5"></line>
              </lines>
            </method>
            <method name="getRenvRepositoryURL" signature="" line-rate="1" branch-rate="0" complexity="0">
              <lines>
                <line number="68" hits="6"></line>
                <line number="69" hits="6"></line>
                <line number="70" hits="3"></line>
                <line number="71" hits="3"></line>
                <line number="72" hits="3"></line>
                <line number="75" hits="3"></line>
              </lines>
            </method>
            <method name="validateRenvLock" signature="" line-rate="1" branch-rate="0" complexity="0">
              <lines>
                <line number="79" hits="1"></line>
                <line number="80" hits="1"></line>
                <line number="81" hits="1"></line>
                <line number="82" hits="1"></line>
                <line number="83" hits="1"></line>
                <line number="84" hits="1"></line>
                <line number="85" hits="1"></line>
                <line number="86" hits="8"></line>
                <line number="87" hits="1"></line>
                <line number="88" hits="1"></line>
                <line number="89" hits="1"></line>
                <line number="90" hits="1"></line>
                <line number="91" hits="1"></line>
                <line number="92" hits="1"></line>
                <line number="93" hits="1"></line>
                <line number="94" hits="1"></line>
                <line number="95" hits="1"></line>
                <line number="97" hits="5"></line>
                <line number="98" hits="5"></line>
                <line number="99" hits="1"></line>
                <line number="100" hits="1"></line>
                <line number="101" hits="1"></line>
                <line number="104" hits="1"></line>
                <line number="105" hits="1"></line>
                <line number="106" hits="1"></line>
                <line number="107" hits="1"></line>
                <line number="109" hits="1"></line>
                <line number="110" hits="1"></line>
                <line number="111" hits="1"></line>
                <line number="112" hits="1"></line>
                <line number="113" hits="1"></line>
                <line number="115" hits="1"></line>
              </lines>
            </method>
          </methods>
          <lines>
            <line number="60" hits="5"></line>
            <line number="61" hits="5"></line>
            <line number="62" hits="5"></line>
            <line number="63" hits="5"></line>
            <line number="64" hits="5"></line>
            <line number="65" hits="5"></line>
            <line number="66" hits="5"></line>
            <line number="68" hits="6"></line>
            <line number="69" hits="6"></line>
            <line number="70" hits="3"></line>
            <line number="71" hits="3"></line>
            <line number="72" hits="3"></line>
            <line number="75" hits="3"></line>
            <line number="79" hits="1"></line>
            <line number="80" hits="1"></line>
            <line number="81" hits="1"></line>
            <line number="82" hits="1"></line>
            <line number="83" hits="1"></line>
            <line number="84" hits="1"></line>
            <line number="85" hits="1"></line>
            <line number="86" hits="8"></line>
            <line number="87" hits="1"></line>
            <line number="88" hits="1"></line>
            <line number="89" hits="1"></line>
            <line number="90" hits="1"></line>
            <line number="91" hits="1"></line>
            <line number="92" hits="1"></line>
            <line number="93" hits="1"></line>
            <line number="94" hits="1"></line>
            <line number="95" hits="1"></line>
            <line number="97" hits="5"></line>
            <line number="98" hits="5"></line>
            <line number="99" hits="1"></line>
            <line number="100" hits="1"></line>
            <line number="101" hits="1"></line>
            <line number="104" hits="1"></line>
            <line number="105" hits="1"></line>
            <line number="106" hits="1"></line>
            <line number="107" hits="1"></line>
            <line number="109" hits="1"></line>
            <line number="110" hits="1"></line>
            <line number="111" hits="1"></line>
            <line number="112" hits="1"></line>
            <line number="113" hits="1"></line>
            <line number="115" hits="1"></line>
          </lines>
        </class>
        <class name="-" filename="cmd/root.go" line-rate="0.13114753" branch-rate="0" complexity="0">
          <methods>
            <method name="setLogLevel" signature="" line-rate="0" branch-rate="0" complexity="0">
              <lines>
                <line number="34" hits="0"></line>
                <line number="35" hits="0"></line>
                <line number="36" hits="0"></line>
                <line number="37" hits="0"></line>
                <line number="38" hits="0"></line>
                <line number="39" hits="0"></line>
                <line number="40" hits="0"></line>
                <line number="41" hits="0"></line>
                <line number="42" hits="0"></line>
                <line number="43" hits="0"></line>
                <line number="44" hits="0"></line>
                <line number="45" hits="0"></line>
                <line number="46" hits="0"></line>
                <line number="47" hits="0"></line>
                <line number="48" hits="0"></line>
                <line number="49" hits="0"></line>
                <line number="50" hits="0"></line>
                <line number="51" hits="0"></line>
                <line number="52" hits="0"></line>
                <line number="54" hits="0"></line>
                <line number="55" hits="0"></line>
                <line number="56" hits="0"></line>
                <line number="57" hits="0"></line>
                <line number="58" hits="0"></line>
                <line number="59" hits="0"></line>
                <line number="60" hits="0"></line>
                <line number="61" hits="0"></line>
                <line number="62" hits="0"></line>
              </lines>
            </method>
            <method name="Execute" signature="" line-rate="0" branch-rate="0" complexity="0">
              <lines>
                <line number="86" hits="0"></line>
                <line number="87" hits="0"></line>
                <line number="88" hits="0"></line>
                <line number="89" hits="0"></line>
                <line number="90" hits="0"></line>
              </lines>
            </method>
            <method name="init" signature="" line-rate="1" branch-rate="0" complexity="0">
              <lines>
                <line number="93" hits="2"></line>
                <line number="94" hits="2"></line>
                <line number="95" hits="2"></line>
                <line number="96" hits="2"></line>
                <line number="97" hits="2"></line>
                <line number="98" hits="2"></line>
                <line number="99" hits="2"></line>
                <line number="100" hits="2"></line>
              </lines>
            </method>
            <method name="initConfig" signature="" line-rate="0" branch-rate="0" complexity="0">
              <lines>
                <line number="103" hits="0"></line>
                <line number="104" hits="0"></line>
                <line number="105" hits="0"></line>
                <line number="106" hits="0"></line>
                <line number="107" hits="0"></line>
                <line number="108" hits="0"></line>
                <line number="109" hits="0"></line>
                <line number="110" hits="0"></line>
                <line number="111" hits="0"></line>
                <line number="112" hits="0"></line>
                <line number="113" hits="0"></line>
                <line number="114" hits="0"></line>
                <line number="115" hits="0"></line>
                <line number="116" hits="0"></line>
                <line number="118" hits="0"></line>
                <line number="119" hits="0"></line>
                <line number="120" hits="0"></line>
                <line number="121" hits="0"></line>
                <line number="122" hits="0"></line>
                <line number="123" hits="0"></line>
              </lines>
            </method>
          </methods>
          <lines>
            <line number="34" hits="0"></line>
            <line number="35" hits="0"></line>
            <line number="36" hits="0"></line>
            <line number="37" hits="0"></line>
            <line number="38" hits="0"></line>
            <line number="39" hits="0"></line>
            <line number="40" hits="0"></line>
            <line number="41" hits="0"></line>
            <line number="42" hits="0"></line>
            <line number="43" hits="0"></line>
            <line number="44" hits="0"></line>
            <line number="45" hits="0"></line>
            <line number="46" hits="0"></line>
            <line number="47" hits="0"></line>
            <line number="48" hits="0"></line>
            <line number="49" hits="0"></line>
            <line number="50" hits="0"></line>
            <line number="51" hits="0"></line>
            <line number="52" hits="0"></line>
            <line number="54" hits="0"></line>
            <line number="55" hits="0"></line>
            <line number="56" hits="0"></line>
            <line number="57" hits="0"></line>
            <line number="58" hits="0"></line>
            <line number="59" hits="0"></line>
            <line number="60" hits="0"></line>
            <line number="61" hits="0"></line>
            <line number="62" hits="0"></line>
            <line number="86" hits="0"></line>
            <line number="87" hits="0"></line>
            <line number="88" hits="0"></line>
            <line number="89" hits="0"></line>
            <line number="90" hits="0"></line>
            <line number="93" hits="2"></line>
            <line number="94" hits="2"></line>
            <line number="95" hits="2"></line>
            <line number="96" hits="2"></line>
            <line number="97" hits="2"></line>
            <line number="98" hits="2"></line>
            <line number="99" hits="2"></line>
            <line number="100" hits="2"></line>
            <line number="103" hits="0"></line>
            <line number="104" hits="0"></line>
            <line number="105" hits="0"></line>
            <line number="106" hits="0"></line>
            <line number="107" hits="0"></line>
            <line number="108" hits="0"></line>
            <line number="109" hits="0"></line>
            <line number="110" hits="0"></line>
            <line number="111" hits="0"></line>
            <line number="112" hits="0"></line>
            <line number="113" hits="0"></line>
            <line number="114" hits="0"></line>
            <line number="115" hits="0"></line>
            <line number="116" hits="0"></line>
            <line number="118" hits="0"></line>
            <line number="119" hits="0"></line>
            <line number="120" hits="0"></line>
            <line number="121" hits="0"></line>
            <line number="122" hits="0"></line>
            <line number="123" hits="0"></line>
          </lines>
        </class>
        <class name="-" filename="cmd/utils.go" line-rate="0.6785714" branch-rate="0" complexity="0">
          <methods>
            <method name="stringInSlice" signature="" line-rate="1" branch-rate="0" complexity="0">
              <lines>
                <line number="24" hits="4"></line>
                <line number="25" hits="4"></line>
                <line number="26" hits="3"></line>
                <line number="27" hits="3"></line>
                <line number="28" hits="3"></line>
                <line number="30" hits="1"></line>
              </lines>
            </method>
            <method name="checkError" signature="" line-rate="1" branch-rate="0" complexity="0">
              <lines>
                <line number="33" hits="28"></line>
                <line number="34" hits="5"></line>
                <line number="35" hits="5"></line>
                <line number="36" hits="5"></line>
              </lines>
            </method>
            <method name="dirSize" signature="" line-rate="0" branch-rate="0" complexity="0">
              <lines>
                <line number="39" hits="0"></line>
                <line number="40" hits="0"></line>
                <line number="41" hits="0"></line>
                <line number="42" hits="0"></line>
                <line number="43" hits="0"></line>
                <line number="44" hits="0"></line>
                <line number="45" hits="0"></line>
                <line number="46" hits="0"></line>
                <line number="48" hits="0"></line>
              </lines>
            </method>
            <method name="writeJSON" signature="" line-rate="1" branch-rate="0" complexity="0">
              <lines>
                <line number="52" hits="2"></line>
                <line number="53" hits="2"></line>
                <line number="54" hits="2"></line>
                <line number="55" hits="2"></line>
                <line number="56" hits="2"></line>
                <line number="57" hits="2"></line>
                <line number="58" hits="2"></line>
                <line number="59" hits="2"></line>
                <line number="60" hits="2"></line>
              </lines>
            </method>
          </methods>
          <lines>
            <line number="24" hits="4"></line>
            <line number="25" hits="4"></line>
            <line number="26" hits="3"></line>
            <line number="27" hits="3"></line>
            <line number="28" hits="3"></line>
            <line number="30" hits="1"></line>
            <line number="33" hits="28"></line>
            <line number="34" hits="5"></line>
            <line number="35" hits="5"></line>
            <line number="36" hits="5"></line>
            <line number="39" hits="0"></line>
            <line number="40" hits="0"></line>
            <line number="41" hits="0"></line>
            <line number="42" hits="0"></line>
            <line number="43" hits="0"></line>
            <line number="44" hits="0"></line>
            <line number="45" hits="0"></line>
            <line number="46" hits="0"></line>
            <line number="48" hits="0"></line>
            <line number="52" hits="2"></line>
            <line number="53" hits="2"></line>
            <line number="54" hits="2"></line>
            <line number="55" hits="2"></line>
            <line number="56" hits="2"></line>
            <line number="57" hits="2"></line>
            <line number="58" hits="2"></line>
            <line number="59" hits="2"></line>
            <line number="60" hits="2"></line>
          </lines>
        </class>
      </classes>
    </package>
    <package name="github.com/insightsengineering/scribe" line-rate="0" branch-rate="0" complexity="0">
      <classes>
        <class name="-" filename="main.go" line-rate="0" branch-rate="0" complexity="0">
          <methods>
            <method name="main" signature="" line-rate="0" branch-rate="0" complexity="0">
              <lines>
                <line number="5" hits="0"></line>
                <line number="6" hits="0"></line>
                <line number="7" hits="0"></line>
              </lines>
            </method>
          </methods>
          <lines>
            <line number="5" hits="0"></line>
            <line number="6" hits="0"></line>
            <line number="7" hits="0"></line>
          </lines>
        </class>
      </classes>
    </package>
  </packages>
</coverage>
