<?xml version="1.0" encoding="UTF-8"?>
<!DOCTYPE coverage SYSTEM "http://cobertura.sourceforge.net/xml/coverage-04.dtd">
<coverage line-rate="0.5610418" branch-rate="0" version="" timestamp="1675440586317" lines-covered="1034" lines-valid="1843" branches-covered="0" branches-valid="0" complexity="0">
  <sources>
    <source>/home/runner/work/scribe/scribe</source>
  </sources>
  <packages>
    <package name="github.com/insightsengineering/scribe/cmd" line-rate="0.5619565" branch-rate="0" complexity="0">
      <classes>
        <class name="-" filename="cmd/check.go" line-rate="0.44864866" branch-rate="0" complexity="0">
          <methods>
            <method name="getNewMaximumSeverity" signature="" line-rate="0.8" branch-rate="0" complexity="0">
              <lines>
                <line number="50" hits="19"></line>
                <line number="51" hits="19"></line>
                <line number="52" hits="19"></line>
                <line number="53" hits="0"></line>
                <line number="54" hits="0"></line>
                <line number="56" hits="1"></line>
                <line number="57" hits="1"></line>
                <line number="59" hits="1"></line>
                <line number="60" hits="1"></line>
                <line number="62" hits="19"></line>
              </lines>
            </method>
            <method name="parseCheckOutput" signature="" line-rate="1" branch-rate="0" complexity="0">
              <lines>
                <line number="67" hits="1"></line>
                <line number="68" hits="1"></line>
                <line number="69" hits="1"></line>
                <line number="70" hits="1"></line>
                <line number="71" hits="1"></line>
                <line number="72" hits="1"></line>
                <line number="73" hits="1"></line>
                <line number="74" hits="1"></line>
                <line number="75" hits="46"></line>
                <line number="76" hits="46"></line>
                <line number="77" hits="46"></line>
                <line number="78" hits="19"></line>
                <line number="79" hits="19"></line>
                <line number="80" hits="19"></line>
                <line number="81" hits="19"></line>
                <line number="82" hits="19"></line>
                <line number="83" hits="1"></line>
                <line number="84" hits="1"></line>
                <line number="85" hits="2"></line>
                <line number="86" hits="2"></line>
                <line number="87" hits="2"></line>
                <line number="88" hits="2"></line>
                <line number="89" hits="14"></line>
                <line number="90" hits="14"></line>
                <line number="92" hits="19"></line>
                <line number="93" hits="5"></line>
                <line number="94" hits="5"></line>
                <line number="95" hits="5"></line>
                <line number="96" hits="5"></line>
                <line number="97" hits="5"></line>
                <line number="98" hits="5"></line>
                <line number="99" hits="19"></line>
                <line number="100" hits="19"></line>
                <line number="101" hits="27"></line>
                <line number="102" hits="27"></line>
                <line number="103" hits="27"></line>
                <line number="104" hits="27"></line>
                <line number="106" hits="1"></line>
              </lines>
            </method>
            <method name="checkResultsReceiver" signature="" line-rate="0" branch-rate="0" complexity="0">
              <lines>
                <line number="111" hits="0"></line>
                <line number="112" hits="0"></line>
                <line number="113" hits="0"></line>
                <line number="114" hits="0"></line>
                <line number="115" hits="0"></line>
                <line number="116" hits="0"></line>
                <line number="117" hits="0"></line>
                <line number="118" hits="0"></line>
                <line number="119" hits="0"></line>
                <line number="120" hits="0"></line>
                <line number="121" hits="0"></line>
                <line number="122" hits="0"></line>
                <line number="123" hits="0"></line>
                <line number="124" hits="0"></line>
                <line number="125" hits="0"></line>
                <line number="126" hits="0"></line>
                <line number="127" hits="0"></line>
                <line number="128" hits="0"></line>
                <line number="129" hits="0"></line>
                <line number="130" hits="0"></line>
                <line number="131" hits="0"></line>
                <line number="132" hits="0"></line>
                <line number="133" hits="0"></line>
                <line number="134" hits="0"></line>
                <line number="135" hits="0"></line>
                <line number="136" hits="0"></line>
                <line number="137" hits="0"></line>
                <line number="138" hits="0"></line>
                <line number="139" hits="0"></line>
                <line number="140" hits="0"></line>
                <line number="141" hits="0"></line>
                <line number="142" hits="0"></line>
                <line number="144" hits="0"></line>
                <line number="145" hits="0"></line>
                <line number="146" hits="0"></line>
              </lines>
            </method>
            <method name="runCmdCheck" signature="" line-rate="0" branch-rate="0" complexity="0">
              <lines>
                <line number="151" hits="0"></line>
                <line number="152" hits="0"></line>
                <line number="153" hits="0"></line>
                <line number="154" hits="0"></line>
                <line number="155" hits="0"></line>
                <line number="156" hits="0"></line>
                <line number="157" hits="0"></line>
                <line number="158" hits="0"></line>
                <line number="159" hits="0"></line>
                <line number="160" hits="0"></line>
                <line number="161" hits="0"></line>
                <line number="162" hits="0"></line>
                <line number="163" hits="0"></line>
                <line number="164" hits="0"></line>
                <line number="165" hits="0"></line>
              </lines>
            </method>
            <method name="checkSinglePackage" signature="" line-rate="0" branch-rate="0" complexity="0">
              <lines>
                <line number="168" hits="0"></line>
                <line number="169" hits="0"></line>
                <line number="170" hits="0"></line>
                <line number="171" hits="0"></line>
                <line number="172" hits="0"></line>
                <line number="173" hits="0"></line>
                <line number="174" hits="0"></line>
                <line number="175" hits="0"></line>
                <line number="176" hits="0"></line>
                <line number="177" hits="0"></line>
                <line number="178" hits="0"></line>
                <line number="179" hits="0"></line>
                <line number="180" hits="0"></line>
                <line number="181" hits="0"></line>
                <line number="182" hits="0"></line>
                <line number="183" hits="0"></line>
                <line number="184" hits="0"></line>
                <line number="185" hits="0"></line>
                <line number="186" hits="0"></line>
                <line number="187" hits="0"></line>
                <line number="188" hits="0"></line>
                <line number="189" hits="0"></line>
                <line number="190" hits="0"></line>
                <line number="191" hits="0"></line>
                <line number="192" hits="0"></line>
              </lines>
            </method>
            <method name="getCheckedPackages" signature="" line-rate="0.925" branch-rate="0" complexity="0">
              <lines>
                <line number="200" hits="4"></line>
                <line number="201" hits="4"></line>
                <line number="202" hits="4"></line>
                <line number="203" hits="4"></line>
                <line number="204" hits="1"></line>
                <line number="205" hits="1"></line>
                <line number="206" hits="0"></line>
                <line number="207" hits="0"></line>
                <line number="208" hits="0"></line>
                <line number="209" hits="3"></line>
                <line number="210" hits="3"></line>
                <line number="211" hits="3"></line>
                <line number="212" hits="3"></line>
                <line number="213" hits="3"></line>
                <line number="214" hits="3"></line>
                <line number="215" hits="5"></line>
                <line number="216" hits="5"></line>
                <line number="217" hits="5"></line>
                <line number="218" hits="5"></line>
                <line number="219" hits="3"></line>
                <line number="221" hits="4"></line>
                <line number="222" hits="4"></line>
                <line number="223" hits="4"></line>
                <line number="224" hits="4"></line>
                <line number="225" hits="32"></line>
                <line number="226" hits="32"></line>
                <line number="227" hits="32"></line>
                <line number="228" hits="32"></line>
                <line number="229" hits="32"></line>
                <line number="230" hits="19"></line>
                <line number="231" hits="19"></line>
                <line number="232" hits="19"></line>
                <line number="233" hits="19"></line>
                <line number="234" hits="19"></line>
                <line number="235" hits="19"></line>
                <line number="236" hits="13"></line>
                <line number="237" hits="13"></line>
                <line number="238" hits="13"></line>
                <line number="241" hits="4"></line>
                <line number="242" hits="4"></line>
              </lines>
            </method>
            <method name="checkPackages" signature="" line-rate="0" branch-rate="0" complexity="0">
              <lines>
                <line number="245" hits="0"></line>
                <line number="246" hits="0"></line>
                <line number="247" hits="0"></line>
                <line number="248" hits="0"></line>
                <line number="249" hits="0"></line>
                <line number="250" hits="0"></line>
                <line number="251" hits="0"></line>
                <line number="252" hits="0"></line>
                <line number="253" hits="0"></line>
                <line number="254" hits="0"></line>
                <line number="255" hits="0"></line>
                <line number="256" hits="0"></line>
                <line number="257" hits="0"></line>
                <line number="258" hits="0"></line>
                <line number="259" hits="0"></line>
                <line number="260" hits="0"></line>
                <line number="261" hits="0"></line>
                <line number="262" hits="0"></line>
                <line number="263" hits="0"></line>
                <line number="264" hits="0"></line>
                <line number="265" hits="0"></line>
                <line number="267" hits="0"></line>
              </lines>
            </method>
          </methods>
          <lines>
            <line number="50" hits="19"></line>
            <line number="51" hits="19"></line>
            <line number="52" hits="19"></line>
            <line number="53" hits="0"></line>
            <line number="54" hits="0"></line>
            <line number="56" hits="1"></line>
            <line number="57" hits="1"></line>
            <line number="59" hits="1"></line>
            <line number="60" hits="1"></line>
            <line number="62" hits="19"></line>
            <line number="67" hits="1"></line>
            <line number="68" hits="1"></line>
            <line number="69" hits="1"></line>
            <line number="70" hits="1"></line>
            <line number="71" hits="1"></line>
            <line number="72" hits="1"></line>
            <line number="73" hits="1"></line>
            <line number="74" hits="1"></line>
            <line number="75" hits="46"></line>
            <line number="76" hits="46"></line>
            <line number="77" hits="46"></line>
            <line number="78" hits="19"></line>
            <line number="79" hits="19"></line>
            <line number="80" hits="19"></line>
            <line number="81" hits="19"></line>
            <line number="82" hits="19"></line>
            <line number="83" hits="1"></line>
            <line number="84" hits="1"></line>
            <line number="85" hits="2"></line>
            <line number="86" hits="2"></line>
            <line number="87" hits="2"></line>
            <line number="88" hits="2"></line>
            <line number="89" hits="14"></line>
            <line number="90" hits="14"></line>
            <line number="92" hits="19"></line>
            <line number="93" hits="5"></line>
            <line number="94" hits="5"></line>
            <line number="95" hits="5"></line>
            <line number="96" hits="5"></line>
            <line number="97" hits="5"></line>
            <line number="98" hits="5"></line>
            <line number="99" hits="19"></line>
            <line number="100" hits="19"></line>
            <line number="101" hits="27"></line>
            <line number="102" hits="27"></line>
            <line number="103" hits="27"></line>
            <line number="104" hits="27"></line>
            <line number="106" hits="1"></line>
            <line number="111" hits="0"></line>
            <line number="112" hits="0"></line>
            <line number="113" hits="0"></line>
            <line number="114" hits="0"></line>
            <line number="115" hits="0"></line>
            <line number="116" hits="0"></line>
            <line number="117" hits="0"></line>
            <line number="118" hits="0"></line>
            <line number="119" hits="0"></line>
            <line number="120" hits="0"></line>
            <line number="121" hits="0"></line>
            <line number="122" hits="0"></line>
            <line number="123" hits="0"></line>
            <line number="124" hits="0"></line>
            <line number="125" hits="0"></line>
            <line number="126" hits="0"></line>
            <line number="127" hits="0"></line>
            <line number="128" hits="0"></line>
            <line number="129" hits="0"></line>
            <line number="130" hits="0"></line>
            <line number="131" hits="0"></line>
            <line number="132" hits="0"></line>
            <line number="133" hits="0"></line>
            <line number="134" hits="0"></line>
            <line number="135" hits="0"></line>
            <line number="136" hits="0"></line>
            <line number="137" hits="0"></line>
            <line number="138" hits="0"></line>
            <line number="139" hits="0"></line>
            <line number="140" hits="0"></line>
            <line number="141" hits="0"></line>
            <line number="142" hits="0"></line>
            <line number="144" hits="0"></line>
            <line number="145" hits="0"></line>
            <line number="146" hits="0"></line>
            <line number="151" hits="0"></line>
            <line number="152" hits="0"></line>
            <line number="153" hits="0"></line>
            <line number="154" hits="0"></line>
            <line number="155" hits="0"></line>
            <line number="156" hits="0"></line>
            <line number="157" hits="0"></line>
            <line number="158" hits="0"></line>
            <line number="159" hits="0"></line>
            <line number="160" hits="0"></line>
            <line number="161" hits="0"></line>
            <line number="162" hits="0"></line>
            <line number="163" hits="0"></line>
            <line number="164" hits="0"></line>
            <line number="165" hits="0"></line>
            <line number="168" hits="0"></line>
            <line number="169" hits="0"></line>
            <line number="170" hits="0"></line>
            <line number="171" hits="0"></line>
            <line number="172" hits="0"></line>
            <line number="173" hits="0"></line>
            <line number="174" hits="0"></line>
            <line number="175" hits="0"></line>
            <line number="176" hits="0"></line>
            <line number="177" hits="0"></line>
            <line number="178" hits="0"></line>
            <line number="179" hits="0"></line>
            <line number="180" hits="0"></line>
            <line number="181" hits="0"></line>
            <line number="182" hits="0"></line>
            <line number="183" hits="0"></line>
            <line number="184" hits="0"></line>
            <line number="185" hits="0"></line>
            <line number="186" hits="0"></line>
            <line number="187" hits="0"></line>
            <line number="188" hits="0"></line>
            <line number="189" hits="0"></line>
            <line number="190" hits="0"></line>
            <line number="191" hits="0"></line>
            <line number="192" hits="0"></line>
            <line number="200" hits="4"></line>
            <line number="201" hits="4"></line>
            <line number="202" hits="4"></line>
            <line number="203" hits="4"></line>
            <line number="204" hits="1"></line>
            <line number="205" hits="1"></line>
            <line number="206" hits="0"></line>
            <line number="207" hits="0"></line>
            <line number="208" hits="0"></line>
            <line number="209" hits="3"></line>
            <line number="210" hits="3"></line>
            <line number="211" hits="3"></line>
            <line number="212" hits="3"></line>
            <line number="213" hits="3"></line>
            <line number="214" hits="3"></line>
            <line number="215" hits="5"></line>
            <line number="216" hits="5"></line>
            <line number="217" hits="5"></line>
            <line number="218" hits="5"></line>
            <line number="219" hits="3"></line>
            <line number="221" hits="4"></line>
            <line number="222" hits="4"></line>
            <line number="223" hits="4"></line>
            <line number="224" hits="4"></line>
            <line number="225" hits="32"></line>
            <line number="226" hits="32"></line>
            <line number="227" hits="32"></line>
            <line number="228" hits="32"></line>
            <line number="229" hits="32"></line>
            <line number="230" hits="19"></line>
            <line number="231" hits="19"></line>
            <line number="232" hits="19"></line>
            <line number="233" hits="19"></line>
            <line number="234" hits="19"></line>
            <line number="235" hits="19"></line>
            <line number="236" hits="13"></line>
            <line number="237" hits="13"></line>
            <line number="238" hits="13"></line>
            <line number="241" hits="4"></line>
            <line number="242" hits="4"></line>
            <line number="245" hits="0"></line>
            <line number="246" hits="0"></line>
            <line number="247" hits="0"></line>
            <line number="248" hits="0"></line>
            <line number="249" hits="0"></line>
            <line number="250" hits="0"></line>
            <line number="251" hits="0"></line>
            <line number="252" hits="0"></line>
            <line number="253" hits="0"></line>
            <line number="254" hits="0"></line>
            <line number="255" hits="0"></line>
            <line number="256" hits="0"></line>
            <line number="257" hits="0"></line>
            <line number="258" hits="0"></line>
            <line number="259" hits="0"></line>
            <line number="260" hits="0"></line>
            <line number="261" hits="0"></line>
            <line number="262" hits="0"></line>
            <line number="263" hits="0"></line>
            <line number="264" hits="0"></line>
            <line number="265" hits="0"></line>
            <line number="267" hits="0"></line>
          </lines>
        </class>
        <class name="-" filename="cmd/dependencies.go" line-rate="0.67261904" branch-rate="0" complexity="0">
          <methods>
            <method name="getMapKeyDiffOrEmpty" signature="" line-rate="1" branch-rate="0" complexity="0">
              <lines>
                <line number="34" hits="1"></line>
                <line number="35" hits="1"></line>
                <line number="36" hits="1"></line>
                <line number="37" hits="5"></line>
                <line number="38" hits="3"></line>
                <line number="39" hits="3"></line>
                <line number="40" hits="3"></line>
                <line number="43" hits="1"></line>
              </lines>
            </method>
            <method name="parseDescriptionFile" signature="" line-rate="0.5" branch-rate="0" complexity="0">
              <lines>
                <line number="46" hits="2"></line>
                <line number="47" hits="2"></line>
                <line number="48" hits="2"></line>
                <line number="49" hits="0"></line>
                <line number="50" hits="0"></line>
                <line number="51" hits="0"></line>
                <line number="52" hits="0"></line>
                <line number="53" hits="2"></line>
              </lines>
            </method>
            <method name="parseDescription" signature="" line-rate="0.625" branch-rate="0" complexity="0">
              <lines>
                <line number="56" hits="5"></line>
                <line number="57" hits="5"></line>
                <line number="58" hits="5"></line>
                <line number="59" hits="5"></line>
                <line number="60" hits="0"></line>
                <line number="61" hits="0"></line>
                <line number="62" hits="0"></line>
                <line number="63" hits="5"></line>
              </lines>
            </method>
            <method name="cleanDescription" signature="" line-rate="0.8695652" branch-rate="0" complexity="0">
              <lines>
                <line number="66" hits="6"></line>
                <line number="67" hits="6"></line>
                <line number="68" hits="6"></line>
                <line number="69" hits="6"></line>
                <line number="70" hits="6"></line>
                <line number="71" hits="6"></line>
                <line number="72" hits="186"></line>
                <line number="73" hits="186"></line>
                <line number="74" hits="25"></line>
                <line number="75" hits="25"></line>
                <line number="76" hits="25"></line>
                <line number="77" hits="25"></line>
                <line number="78" hits="25"></line>
                <line number="81" hits="25"></line>
                <line number="82" hits="25"></line>
                <line number="86" hits="13"></line>
                <line number="87" hits="13"></line>
                <line number="88" hits="0"></line>
                <line number="89" hits="0"></line>
                <line number="90" hits="0"></line>
                <line number="91" hits="148"></line>
                <line number="92" hits="148"></line>
                <line number="94" hits="6"></line>
              </lines>
            </method>
            <method name="request" signature="" line-rate="0.7368421" branch-rate="0" complexity="0">
              <lines>
                <line number="97" hits="8"></line>
                <line number="98" hits="8"></line>
                <line number="99" hits="8"></line>
                <line number="100" hits="8"></line>
                <line number="101" hits="8"></line>
                <line number="102" hits="8"></line>
                <line number="103" hits="8"></line>
                <line number="104" hits="8"></line>
                <line number="105" hits="8"></line>
                <line number="106" hits="8"></line>
                <line number="107" hits="8"></line>
                <line number="108" hits="8"></line>
                <line number="109" hits="8"></line>
                <line number="110" hits="0"></line>
                <line number="111" hits="0"></line>
                <line number="112" hits="0"></line>
                <line number="113" hits="0"></line>
                <line number="114" hits="8"></line>
                <line number="117" hits="0"></line>
              </lines>
            </method>
            <method name="getPackageContent" signature="" line-rate="0.5714286" branch-rate="0" complexity="0">
              <lines>
                <line number="119" hits="1"></line>
                <line number="120" hits="1"></line>
                <line number="121" hits="1"></line>
                <line number="122" hits="0"></line>
                <line number="123" hits="0"></line>
                <line number="124" hits="0"></line>
                <line number="125" hits="1"></line>
              </lines>
            </method>
            <method name="removePackageVersionConstraints" signature="" line-rate="1" branch-rate="0" complexity="0">
              <lines>
                <line number="128" hits="51"></line>
                <line number="129" hits="51"></line>
                <line number="130" hits="51"></line>
                <line number="131" hits="51"></line>
                <line number="132" hits="51"></line>
              </lines>
            </method>
            <method name="getPackageDepsFromDescriptionFileContent" signature="" line-rate="0.8125" branch-rate="0" complexity="0">
              <lines>
                <line number="134" hits="2"></line>
                <line number="135" hits="2"></line>
                <line number="136" hits="2"></line>
                <line number="137" hits="2"></line>
                <line number="138" hits="2"></line>
                <line number="139" hits="2"></line>
                <line number="140" hits="6"></line>
                <line number="141" hits="6"></line>
                <line number="142" hits="9"></line>
                <line number="143" hits="5"></line>
                <line number="144" hits="5"></line>
                <line number="145" hits="5"></line>
                <line number="148" hits="0"></line>
                <line number="149" hits="0"></line>
                <line number="150" hits="0"></line>
                <line number="151" hits="2"></line>
              </lines>
            </method>
            <method name="getPackageDepsFromSinglePackageLocation" signature="" line-rate="0" branch-rate="0" complexity="0">
              <lines>
                <line number="154" hits="0"></line>
                <line number="155" hits="0"></line>
                <line number="156" hits="0"></line>
                <line number="157" hits="0"></line>
                <line number="158" hits="0"></line>
                <line number="159" hits="0"></line>
                <line number="160" hits="0"></line>
                <line number="161" hits="0"></line>
                <line number="162" hits="0"></line>
                <line number="165" hits="0"></line>
                <line number="166" hits="0"></line>
              </lines>
            </method>
            <method name="getDependenciesFields" signature="" line-rate="1" branch-rate="0" complexity="0">
              <lines>
                <line number="169" hits="12"></line>
                <line number="170" hits="12"></line>
                <line number="171" hits="1"></line>
                <line number="172" hits="1"></line>
                <line number="173" hits="1"></line>
                <line number="174" hits="12"></line>
              </lines>
            </method>
            <method name="getDescriptionFileContentFromTargz" signature="" line-rate="0.5" branch-rate="0" complexity="0">
              <lines>
                <line number="177" hits="2"></line>
                <line number="178" hits="2"></line>
                <line number="179" hits="2"></line>
                <line number="180" hits="0"></line>
                <line number="181" hits="0"></line>
                <line number="182" hits="0"></line>
                <line number="183" hits="0"></line>
                <line number="184" hits="2"></line>
                <line number="185" hits="2"></line>
                <line number="186" hits="0"></line>
                <line number="187" hits="0"></line>
                <line number="188" hits="0"></line>
                <line number="189" hits="0"></line>
                <line number="190" hits="2"></line>
                <line number="191" hits="2"></line>
                <line number="192" hits="46"></line>
                <line number="193" hits="0"></line>
                <line number="194" hits="0"></line>
                <line number="195" hits="0"></line>
                <line number="196" hits="0"></line>
                <line number="198" hits="46"></line>
                <line number="199" hits="2"></line>
                <line number="200" hits="2"></line>
                <line number="201" hits="2"></line>
                <line number="202" hits="4"></line>
                <line number="203" hits="4"></line>
                <line number="204" hits="4"></line>
                <line number="205" hits="2"></line>
                <line number="206" hits="0"></line>
                <line number="207" hits="0"></line>
                <line number="208" hits="0"></line>
                <line number="209" hits="0"></line>
                <line number="210" hits="2"></line>
                <line number="218" hits="0"></line>
              </lines>
            </method>
            <method name="getPackageDepsFromTarGz" signature="" line-rate="1" branch-rate="0" complexity="0">
              <lines>
                <line number="221" hits="2"></line>
                <line number="222" hits="2"></line>
                <line number="223" hits="2"></line>
                <line number="224" hits="2"></line>
                <line number="225" hits="2"></line>
              </lines>
            </method>
            <method name="getPackageDepsFromCrandbWithChunk" signature="" line-rate="1" branch-rate="0" complexity="0">
              <lines>
                <line number="227" hits="1"></line>
                <line number="228" hits="1"></line>
                <line number="229" hits="1"></line>
                <line number="230" hits="1"></line>
                <line number="231" hits="1"></line>
                <line number="232" hits="1"></line>
                <line number="233" hits="1"></line>
                <line number="234" hits="1"></line>
                <line number="235" hits="1"></line>
                <line number="236" hits="8"></line>
                <line number="237" hits="8"></line>
                <line number="238" hits="8"></line>
                <line number="239" hits="8"></line>
                <line number="240" hits="1"></line>
                <line number="241" hits="1"></line>
                <line number="242" hits="1"></line>
                <line number="243" hits="1"></line>
                <line number="244" hits="5"></line>
                <line number="245" hits="5"></line>
                <line number="246" hits="1"></line>
                <line number="247" hits="1"></line>
                <line number="248" hits="1"></line>
                <line number="252" hits="1"></line>
                <line number="253" hits="1"></line>
              </lines>
            </method>
            <method name="getPackageDepsFromCrandb" signature="" line-rate="1" branch-rate="0" complexity="0">
              <lines>
                <line number="256" hits="3"></line>
                <line number="257" hits="3"></line>
                <line number="258" hits="3"></line>
                <line number="259" hits="3"></line>
                <line number="260" hits="3"></line>
                <line number="261" hits="3"></line>
                <line number="262" hits="3"></line>
                <line number="263" hits="3"></line>
                <line number="264" hits="3"></line>
                <line number="265" hits="3"></line>
                <line number="266" hits="3"></line>
                <line number="267" hits="3"></line>
                <line number="269" hits="3"></line>
                <line number="270" hits="10"></line>
                <line number="271" hits="1"></line>
                <line number="272" hits="1"></line>
                <line number="273" hits="1"></line>
                <line number="274" hits="8"></line>
                <line number="275" hits="8"></line>
                <line number="276" hits="13"></line>
                <line number="277" hits="13"></line>
                <line number="278" hits="65"></line>
                <line number="279" hits="65"></line>
                <line number="285" hits="3"></line>
                <line number="286" hits="3"></line>
              </lines>
            </method>
            <method name="getPackageDepsFromRepositoryURLs" signature="" line-rate="0" branch-rate="0" complexity="0">
              <lines>
                <line number="289" hits="0"></line>
                <line number="290" hits="0"></line>
                <line number="291" hits="0"></line>
                <line number="292" hits="0"></line>
                <line number="293" hits="0"></line>
                <line number="294" hits="0"></line>
                <line number="295" hits="0"></line>
                <line number="298" hits="0"></line>
                <line number="299" hits="0"></line>
              </lines>
            </method>
            <method name="getPackageDepsFromRepositoryURL" signature="" line-rate="0.6923077" branch-rate="0" complexity="0">
              <lines>
                <line number="302" hits="4"></line>
                <line number="303" hits="4"></line>
                <line number="304" hits="4"></line>
                <line number="305" hits="4"></line>
                <line number="306" hits="4"></line>
                <line number="307" hits="4"></line>
                <line number="308" hits="0"></line>
                <line number="309" hits="0"></line>
                <line number="310" hits="0"></line>
                <line number="311" hits="4"></line>
                <line number="312" hits="4"></line>
                <line number="313" hits="4"></line>
                <line number="315" hits="0"></line>
              </lines>
            </method>
            <method name="getPackageDepsFromPackagesFileContent" signature="" line-rate="0.8333333" branch-rate="0" complexity="0">
              <lines>
                <line number="318" hits="5"></line>
                <line number="319" hits="5"></line>
                <line number="320" hits="5"></line>
                <line number="321" hits="5"></line>
                <line number="322" hits="3518"></line>
                <line number="323" hits="3518"></line>
                <line number="324" hits="4"></line>
                <line number="325" hits="4"></line>
                <line number="326" hits="4"></line>
                <line number="327" hits="0"></line>
                <line number="328" hits="0"></line>
                <line number="329" hits="0"></line>
                <line number="330" hits="0"></line>
                <line number="331" hits="4"></line>
                <line number="332" hits="4"></line>
                <line number="333" hits="12"></line>
                <line number="334" hits="12"></line>
                <line number="335" hits="34"></line>
                <line number="336" hits="28"></line>
                <line number="337" hits="28"></line>
                <line number="338" hits="28"></line>
                <line number="341" hits="4"></line>
                <line number="346" hits="5"></line>
                <line number="347" hits="5"></line>
              </lines>
            </method>
            <method name="getPackageDepsFromPackagesFile" signature="" line-rate="0.5" branch-rate="0" complexity="0">
              <lines>
                <line number="350" hits="1"></line>
                <line number="351" hits="1"></line>
                <line number="352" hits="0"></line>
                <line number="353" hits="0"></line>
                <line number="354" hits="0"></line>
                <line number="355" hits="1"></line>
              </lines>
            </method>
            <method name="getPackageDepsFromBioconductor" signature="" line-rate="0.8333333" branch-rate="0" complexity="0">
              <lines>
                <line number="359" hits="1"></line>
                <line number="360" hits="1"></line>
                <line number="361" hits="1"></line>
                <line number="362" hits="1"></line>
                <line number="363" hits="4"></line>
                <line number="364" hits="4"></line>
                <line number="365" hits="0"></line>
                <line number="366" hits="0"></line>
                <line number="367" hits="0"></line>
                <line number="368" hits="4"></line>
                <line number="369" hits="4"></line>
                <line number="370" hits="4"></line>
                <line number="371" hits="4"></line>
                <line number="373" hits="2"></line>
                <line number="374" hits="2"></line>
                <line number="375" hits="2"></line>
                <line number="378" hits="1"></line>
                <line number="379" hits="1"></line>
              </lines>
            </method>
            <method name="getPackageDeps" signature="" line-rate="0" branch-rate="0" complexity="0">
              <lines>
                <line number="387" hits="0"></line>
                <line number="388" hits="0"></line>
                <line number="389" hits="0"></line>
                <line number="390" hits="0"></line>
                <line number="391" hits="0"></line>
                <line number="392" hits="0"></line>
                <line number="393" hits="0"></line>
                <line number="394" hits="0"></line>
                <line number="396" hits="0"></line>
                <line number="397" hits="0"></line>
                <line number="398" hits="0"></line>
                <line number="399" hits="0"></line>
                <line number="400" hits="0"></line>
                <line number="402" hits="0"></line>
                <line number="403" hits="0"></line>
                <line number="404" hits="0"></line>
                <line number="405" hits="0"></line>
                <line number="406" hits="0"></line>
                <line number="407" hits="0"></line>
                <line number="410" hits="0"></line>
                <line number="411" hits="0"></line>
                <line number="412" hits="0"></line>
                <line number="413" hits="0"></line>
                <line number="414" hits="0"></line>
                <line number="415" hits="0"></line>
                <line number="416" hits="0"></line>
                <line number="417" hits="0"></line>
                <line number="421" hits="0"></line>
                <line number="422" hits="0"></line>
                <line number="423" hits="0"></line>
                <line number="424" hits="0"></line>
                <line number="425" hits="0"></line>
                <line number="426" hits="0"></line>
                <line number="427" hits="0"></line>
                <line number="428" hits="0"></line>
                <line number="431" hits="0"></line>
                <line number="432" hits="0"></line>
              </lines>
            </method>
            <method name="getCrandbURL" signature="" line-rate="1" branch-rate="0" complexity="0">
              <lines>
                <line number="435" hits="4"></line>
                <line number="436" hits="4"></line>
                <line number="437" hits="4"></line>
                <line number="438" hits="7"></line>
                <line number="439" hits="7"></line>
                <line number="440" hits="7"></line>
                <line number="441" hits="1"></line>
                <line number="442" hits="1"></line>
                <line number="443" hits="1"></line>
                <line number="444" hits="10"></line>
                <line number="445" hits="10"></line>
                <line number="447" hits="4"></line>
              </lines>
            </method>
            <method name="sortByCounter" signature="" line-rate="1" branch-rate="0" complexity="0">
              <lines>
                <line number="450" hits="114"></line>
                <line number="451" hits="114"></line>
                <line number="452" hits="450"></line>
                <line number="453" hits="450"></line>
                <line number="454" hits="450"></line>
                <line number="455" hits="174"></line>
                <line number="457" hits="114"></line>
              </lines>
            </method>
            <method name="isDependencyFulfilled" signature="" line-rate="0.90909094" branch-rate="0" complexity="0">
              <lines>
                <line number="460" hits="1"></line>
                <line number="461" hits="1"></line>
                <line number="462" hits="1"></line>
                <line number="463" hits="1"></line>
                <line number="464" hits="1"></line>
                <line number="465" hits="1"></line>
                <line number="466" hits="1"></line>
                <line number="467" hits="1"></line>
                <line number="468" hits="1"></line>
                <line number="469" hits="1"></line>
                <line number="472" hits="0"></line>
              </lines>
            </method>
          </methods>
          <lines>
            <line number="34" hits="1"></line>
            <line number="35" hits="1"></line>
            <line number="36" hits="1"></line>
            <line number="37" hits="5"></line>
            <line number="38" hits="3"></line>
            <line number="39" hits="3"></line>
            <line number="40" hits="3"></line>
            <line number="43" hits="1"></line>
            <line number="46" hits="2"></line>
            <line number="47" hits="2"></line>
            <line number="48" hits="2"></line>
            <line number="49" hits="0"></line>
            <line number="50" hits="0"></line>
            <line number="51" hits="0"></line>
            <line number="52" hits="0"></line>
            <line number="53" hits="2"></line>
            <line number="56" hits="5"></line>
            <line number="57" hits="5"></line>
            <line number="58" hits="5"></line>
            <line number="59" hits="5"></line>
            <line number="60" hits="0"></line>
            <line number="61" hits="0"></line>
            <line number="62" hits="0"></line>
            <line number="63" hits="5"></line>
            <line number="66" hits="6"></line>
            <line number="67" hits="6"></line>
            <line number="68" hits="6"></line>
            <line number="69" hits="6"></line>
            <line number="70" hits="6"></line>
            <line number="71" hits="6"></line>
            <line number="72" hits="186"></line>
            <line number="73" hits="186"></line>
            <line number="74" hits="25"></line>
            <line number="75" hits="25"></line>
            <line number="76" hits="25"></line>
            <line number="77" hits="25"></line>
            <line number="78" hits="25"></line>
            <line number="81" hits="25"></line>
            <line number="82" hits="25"></line>
            <line number="86" hits="13"></line>
            <line number="87" hits="13"></line>
            <line number="88" hits="0"></line>
            <line number="89" hits="0"></line>
            <line number="90" hits="0"></line>
            <line number="91" hits="148"></line>
            <line number="92" hits="148"></line>
            <line number="94" hits="6"></line>
            <line number="97" hits="8"></line>
            <line number="98" hits="8"></line>
            <line number="99" hits="8"></line>
            <line number="100" hits="8"></line>
            <line number="101" hits="8"></line>
            <line number="102" hits="8"></line>
            <line number="103" hits="8"></line>
            <line number="104" hits="8"></line>
            <line number="105" hits="8"></line>
            <line number="106" hits="8"></line>
            <line number="107" hits="8"></line>
            <line number="108" hits="8"></line>
            <line number="109" hits="8"></line>
            <line number="110" hits="0"></line>
            <line number="111" hits="0"></line>
            <line number="112" hits="0"></line>
            <line number="113" hits="0"></line>
            <line number="114" hits="8"></line>
            <line number="117" hits="0"></line>
            <line number="119" hits="1"></line>
            <line number="120" hits="1"></line>
            <line number="121" hits="1"></line>
            <line number="122" hits="0"></line>
            <line number="123" hits="0"></line>
            <line number="124" hits="0"></line>
            <line number="125" hits="1"></line>
            <line number="128" hits="51"></line>
            <line number="129" hits="51"></line>
            <line number="130" hits="51"></line>
            <line number="131" hits="51"></line>
            <line number="132" hits="51"></line>
            <line number="134" hits="2"></line>
            <line number="135" hits="2"></line>
            <line number="136" hits="2"></line>
            <line number="137" hits="2"></line>
            <line number="138" hits="2"></line>
            <line number="139" hits="2"></line>
            <line number="140" hits="6"></line>
            <line number="141" hits="6"></line>
            <line number="142" hits="9"></line>
            <line number="143" hits="5"></line>
            <line number="144" hits="5"></line>
            <line number="145" hits="5"></line>
            <line number="148" hits="0"></line>
            <line number="149" hits="0"></line>
            <line number="150" hits="0"></line>
            <line number="151" hits="2"></line>
            <line number="154" hits="0"></line>
            <line number="155" hits="0"></line>
            <line number="156" hits="0"></line>
            <line number="157" hits="0"></line>
            <line number="158" hits="0"></line>
            <line number="159" hits="0"></line>
            <line number="160" hits="0"></line>
            <line number="161" hits="0"></line>
            <line number="162" hits="0"></line>
            <line number="165" hits="0"></line>
            <line number="166" hits="0"></line>
            <line number="169" hits="12"></line>
            <line number="170" hits="12"></line>
            <line number="171" hits="1"></line>
            <line number="172" hits="1"></line>
            <line number="173" hits="1"></line>
            <line number="174" hits="12"></line>
            <line number="177" hits="2"></line>
            <line number="178" hits="2"></line>
            <line number="179" hits="2"></line>
            <line number="180" hits="0"></line>
            <line number="181" hits="0"></line>
            <line number="182" hits="0"></line>
            <line number="183" hits="0"></line>
            <line number="184" hits="2"></line>
            <line number="185" hits="2"></line>
            <line number="186" hits="0"></line>
            <line number="187" hits="0"></line>
            <line number="188" hits="0"></line>
            <line number="189" hits="0"></line>
            <line number="190" hits="2"></line>
            <line number="191" hits="2"></line>
            <line number="192" hits="46"></line>
            <line number="193" hits="0"></line>
            <line number="194" hits="0"></line>
            <line number="195" hits="0"></line>
            <line number="196" hits="0"></line>
            <line number="198" hits="46"></line>
            <line number="199" hits="2"></line>
            <line number="200" hits="2"></line>
            <line number="201" hits="2"></line>
            <line number="202" hits="4"></line>
            <line number="203" hits="4"></line>
            <line number="204" hits="4"></line>
            <line number="205" hits="2"></line>
            <line number="206" hits="0"></line>
            <line number="207" hits="0"></line>
            <line number="208" hits="0"></line>
            <line number="209" hits="0"></line>
            <line number="210" hits="2"></line>
            <line number="218" hits="0"></line>
            <line number="221" hits="2"></line>
            <line number="222" hits="2"></line>
            <line number="223" hits="2"></line>
            <line number="224" hits="2"></line>
            <line number="225" hits="2"></line>
            <line number="227" hits="1"></line>
            <line number="228" hits="1"></line>
            <line number="229" hits="1"></line>
            <line number="230" hits="1"></line>
            <line number="231" hits="1"></line>
            <line number="232" hits="1"></line>
            <line number="233" hits="1"></line>
            <line number="234" hits="1"></line>
            <line number="235" hits="1"></line>
            <line number="236" hits="8"></line>
            <line number="237" hits="8"></line>
            <line number="238" hits="8"></line>
            <line number="239" hits="8"></line>
            <line number="240" hits="1"></line>
            <line number="241" hits="1"></line>
            <line number="242" hits="1"></line>
            <line number="243" hits="1"></line>
            <line number="244" hits="5"></line>
            <line number="245" hits="5"></line>
            <line number="246" hits="1"></line>
            <line number="247" hits="1"></line>
            <line number="248" hits="1"></line>
            <line number="252" hits="1"></line>
            <line number="253" hits="1"></line>
            <line number="256" hits="3"></line>
            <line number="257" hits="3"></line>
            <line number="258" hits="3"></line>
            <line number="259" hits="3"></line>
            <line number="260" hits="3"></line>
            <line number="261" hits="3"></line>
            <line number="262" hits="3"></line>
            <line number="263" hits="3"></line>
            <line number="264" hits="3"></line>
            <line number="265" hits="3"></line>
            <line number="266" hits="3"></line>
            <line number="267" hits="3"></line>
            <line number="269" hits="3"></line>
            <line number="270" hits="10"></line>
            <line number="271" hits="1"></line>
            <line number="272" hits="1"></line>
            <line number="273" hits="1"></line>
            <line number="274" hits="8"></line>
            <line number="275" hits="8"></line>
            <line number="276" hits="13"></line>
            <line number="277" hits="13"></line>
            <line number="278" hits="65"></line>
            <line number="279" hits="65"></line>
            <line number="285" hits="3"></line>
            <line number="286" hits="3"></line>
            <line number="289" hits="0"></line>
            <line number="290" hits="0"></line>
            <line number="291" hits="0"></line>
            <line number="292" hits="0"></line>
            <line number="293" hits="0"></line>
            <line number="294" hits="0"></line>
            <line number="295" hits="0"></line>
            <line number="298" hits="0"></line>
            <line number="299" hits="0"></line>
            <line number="302" hits="4"></line>
            <line number="303" hits="4"></line>
            <line number="304" hits="4"></line>
            <line number="305" hits="4"></line>
            <line number="306" hits="4"></line>
            <line number="307" hits="4"></line>
            <line number="308" hits="0"></line>
            <line number="309" hits="0"></line>
            <line number="310" hits="0"></line>
            <line number="311" hits="4"></line>
            <line number="312" hits="4"></line>
            <line number="313" hits="4"></line>
            <line number="315" hits="0"></line>
            <line number="318" hits="5"></line>
            <line number="319" hits="5"></line>
            <line number="320" hits="5"></line>
            <line number="321" hits="5"></line>
            <line number="322" hits="3518"></line>
            <line number="323" hits="3518"></line>
            <line number="324" hits="4"></line>
            <line number="325" hits="4"></line>
            <line number="326" hits="4"></line>
            <line number="327" hits="0"></line>
            <line number="328" hits="0"></line>
            <line number="329" hits="0"></line>
            <line number="330" hits="0"></line>
            <line number="331" hits="4"></line>
            <line number="332" hits="4"></line>
            <line number="333" hits="12"></line>
            <line number="334" hits="12"></line>
            <line number="335" hits="34"></line>
            <line number="336" hits="28"></line>
            <line number="337" hits="28"></line>
            <line number="338" hits="28"></line>
            <line number="341" hits="4"></line>
            <line number="346" hits="5"></line>
            <line number="347" hits="5"></line>
            <line number="350" hits="1"></line>
            <line number="351" hits="1"></line>
            <line number="352" hits="0"></line>
            <line number="353" hits="0"></line>
            <line number="354" hits="0"></line>
            <line number="355" hits="1"></line>
            <line number="359" hits="1"></line>
            <line number="360" hits="1"></line>
            <line number="361" hits="1"></line>
            <line number="362" hits="1"></line>
            <line number="363" hits="4"></line>
            <line number="364" hits="4"></line>
            <line number="365" hits="0"></line>
            <line number="366" hits="0"></line>
            <line number="367" hits="0"></line>
            <line number="368" hits="4"></line>
            <line number="369" hits="4"></line>
            <line number="370" hits="4"></line>
            <line number="371" hits="4"></line>
            <line number="373" hits="2"></line>
            <line number="374" hits="2"></line>
            <line number="375" hits="2"></line>
            <line number="378" hits="1"></line>
            <line number="379" hits="1"></line>
            <line number="387" hits="0"></line>
            <line number="388" hits="0"></line>
            <line number="389" hits="0"></line>
            <line number="390" hits="0"></line>
            <line number="391" hits="0"></line>
            <line number="392" hits="0"></line>
            <line number="393" hits="0"></line>
            <line number="394" hits="0"></line>
            <line number="396" hits="0"></line>
            <line number="397" hits="0"></line>
            <line number="398" hits="0"></line>
            <line number="399" hits="0"></line>
            <line number="400" hits="0"></line>
            <line number="402" hits="0"></line>
            <line number="403" hits="0"></line>
            <line number="404" hits="0"></line>
            <line number="405" hits="0"></line>
            <line number="406" hits="0"></line>
            <line number="407" hits="0"></line>
            <line number="410" hits="0"></line>
            <line number="411" hits="0"></line>
            <line number="412" hits="0"></line>
            <line number="413" hits="0"></line>
            <line number="414" hits="0"></line>
            <line number="415" hits="0"></line>
            <line number="416" hits="0"></line>
            <line number="417" hits="0"></line>
            <line number="421" hits="0"></line>
            <line number="422" hits="0"></line>
            <line number="423" hits="0"></line>
            <line number="424" hits="0"></line>
            <line number="425" hits="0"></line>
            <line number="426" hits="0"></line>
            <line number="427" hits="0"></line>
            <line number="428" hits="0"></line>
            <line number="431" hits="0"></line>
            <line number="432" hits="0"></line>
            <line number="435" hits="4"></line>
            <line number="436" hits="4"></line>
            <line number="437" hits="4"></line>
            <line number="438" hits="7"></line>
            <line number="439" hits="7"></line>
            <line number="440" hits="7"></line>
            <line number="441" hits="1"></line>
            <line number="442" hits="1"></line>
            <line number="443" hits="1"></line>
            <line number="444" hits="10"></line>
            <line number="445" hits="10"></line>
            <line number="447" hits="4"></line>
            <line number="450" hits="114"></line>
            <line number="451" hits="114"></line>
            <line number="452" hits="450"></line>
            <line number="453" hits="450"></line>
            <line number="454" hits="450"></line>
            <line number="455" hits="174"></line>
            <line number="457" hits="114"></line>
            <line number="460" hits="1"></line>
            <line number="461" hits="1"></line>
            <line number="462" hits="1"></line>
            <line number="463" hits="1"></line>
            <line number="464" hits="1"></line>
            <line number="465" hits="1"></line>
            <line number="466" hits="1"></line>
            <line number="467" hits="1"></line>
            <line number="468" hits="1"></line>
            <line number="469" hits="1"></line>
            <line number="472" hits="0"></line>
          </lines>
        </class>
        <class name="-" filename="cmd/download.go" line-rate="0.7007874" branch-rate="0" complexity="0">
          <methods>
            <method name="getRepositoryURL" signature="" line-rate="1" branch-rate="0" complexity="0">
              <lines>
                <line number="84" hits="11"></line>
                <line number="85" hits="11"></line>
                <line number="86" hits="11"></line>
                <line number="87" hits="2"></line>
                <line number="88" hits="2"></line>
                <line number="89" hits="2"></line>
                <line number="90" hits="2"></line>
                <line number="91" hits="1"></line>
                <line number="92" hits="1"></line>
                <line number="93" hits="6"></line>
                <line number="94" hits="6"></line>
                <line number="96" hits="11"></line>
              </lines>
            </method>
            <method name="downloadFile" signature="" line-rate="0.95454544" branch-rate="0" complexity="0">
              <lines>
                <line number="100" hits="5"></line>
                <line number="101" hits="5"></line>
                <line number="102" hits="5"></line>
                <line number="103" hits="5"></line>
                <line number="104" hits="5"></line>
                <line number="105" hits="5"></line>
                <line number="106" hits="5"></line>
                <line number="107" hits="5"></line>
                <line number="108" hits="5"></line>
                <line number="109" hits="5"></line>
                <line number="110" hits="5"></line>
                <line number="111" hits="5"></line>
                <line number="112" hits="5"></line>
                <line number="113" hits="5"></line>
                <line number="114" hits="5"></line>
                <line number="115" hits="5"></line>
                <line number="116" hits="5"></line>
                <line number="117" hits="5"></line>
                <line number="118" hits="5"></line>
                <line number="119" hits="5"></line>
                <line number="121" hits="5"></line>
                <line number="123" hits="0"></line>
              </lines>
            </method>
            <method name="cloneGitRepo" signature="" line-rate="0" branch-rate="0" complexity="0">
              <lines>
                <line number="137" hits="0"></line>
                <line number="138" hits="0"></line>
                <line number="139" hits="0"></line>
                <line number="140" hits="0"></line>
                <line number="141" hits="0"></line>
                <line number="142" hits="0"></line>
                <line number="143" hits="0"></line>
                <line number="144" hits="0"></line>
                <line number="145" hits="0"></line>
                <line number="146" hits="0"></line>
                <line number="147" hits="0"></line>
                <line number="148" hits="0"></line>
                <line number="149" hits="0"></line>
                <line number="150" hits="0"></line>
                <line number="151" hits="0"></line>
                <line number="152" hits="0"></line>
                <line number="153" hits="0"></line>
                <line number="155" hits="0"></line>
                <line number="156" hits="0"></line>
                <line number="157" hits="0"></line>
                <line number="158" hits="0"></line>
                <line number="159" hits="0"></line>
                <line number="160" hits="0"></line>
                <line number="161" hits="0"></line>
                <line number="162" hits="0"></line>
                <line number="163" hits="0"></line>
                <line number="164" hits="0"></line>
                <line number="165" hits="0"></line>
                <line number="166" hits="0"></line>
                <line number="167" hits="0"></line>
                <line number="168" hits="0"></line>
                <line number="169" hits="0"></line>
                <line number="170" hits="0"></line>
                <line number="171" hits="0"></line>
                <line number="172" hits="0"></line>
                <line number="173" hits="0"></line>
                <line number="174" hits="0"></line>
                <line number="175" hits="0"></line>
                <line number="176" hits="0"></line>
                <line number="177" hits="0"></line>
                <line number="178" hits="0"></line>
                <line number="179" hits="0"></line>
                <line number="180" hits="0"></line>
                <line number="181" hits="0"></line>
                <line number="182" hits="0"></line>
                <line number="183" hits="0"></line>
                <line number="184" hits="0"></line>
                <line number="185" hits="0"></line>
                <line number="186" hits="0"></line>
                <line number="187" hits="0"></line>
                <line number="188" hits="0"></line>
                <line number="189" hits="0"></line>
                <line number="190" hits="0"></line>
                <line number="191" hits="0"></line>
                <line number="192" hits="0"></line>
                <line number="193" hits="0"></line>
                <line number="194" hits="0"></line>
                <line number="195" hits="0"></line>
                <line number="196" hits="0"></line>
                <line number="197" hits="0"></line>
                <line number="198" hits="0"></line>
                <line number="199" hits="0"></line>
                <line number="200" hits="0"></line>
                <line number="201" hits="0"></line>
                <line number="202" hits="0"></line>
                <line number="203" hits="0"></line>
                <line number="204" hits="0"></line>
                <line number="205" hits="0"></line>
                <line number="206" hits="0"></line>
                <line number="207" hits="0"></line>
                <line number="208" hits="0"></line>
                <line number="209" hits="0"></line>
                <line number="210" hits="0"></line>
                <line number="211" hits="0"></line>
                <line number="212" hits="0"></line>
                <line number="215" hits="0"></line>
                <line number="216" hits="0"></line>
                <line number="217" hits="0"></line>
                <line number="218" hits="0"></line>
                <line number="219" hits="0"></line>
                <line number="221" hits="0"></line>
              </lines>
            </method>
            <method name="getPackageDetails" signature="" line-rate="1" branch-rate="0" complexity="0">
              <lines>
                <line number="240" hits="17"></line>
                <line number="241" hits="17"></line>
                <line number="242" hits="17"></line>
                <line number="243" hits="8"></line>
                <line number="244" hits="8"></line>
                <line number="245" hits="8"></line>
                <line number="246" hits="8"></line>
                <line number="247" hits="8"></line>
                <line number="248" hits="8"></line>
                <line number="249" hits="3"></line>
                <line number="250" hits="3"></line>
                <line number="251" hits="3"></line>
                <line number="252" hits="3"></line>
                <line number="253" hits="3"></line>
                <line number="254" hits="3"></line>
                <line number="255" hits="5"></line>
                <line number="256" hits="5"></line>
                <line number="257" hits="2"></line>
                <line number="258" hits="2"></line>
                <line number="259" hits="2"></line>
                <line number="260" hits="2"></line>
                <line number="261" hits="1"></line>
                <line number="262" hits="1"></line>
                <line number="263" hits="1"></line>
                <line number="265" hits="1"></line>
                <line number="266" hits="1"></line>
                <line number="269" hits="6"></line>
                <line number="270" hits="6"></line>
                <line number="271" hits="6"></line>
                <line number="272" hits="6"></line>
                <line number="273" hits="6"></line>
                <line number="274" hits="6"></line>
                <line number="275" hits="6"></line>
                <line number="276" hits="6"></line>
                <line number="277" hits="6"></line>
                <line number="278" hits="6"></line>
                <line number="279" hits="6"></line>
                <line number="280" hits="6"></line>
                <line number="282" hits="5"></line>
                <line number="283" hits="5"></line>
                <line number="284" hits="5"></line>
                <line number="285" hits="5"></line>
                <line number="286" hits="5"></line>
                <line number="287" hits="18"></line>
                <line number="288" hits="3"></line>
                <line number="289" hits="3"></line>
                <line number="290" hits="3"></line>
                <line number="291" hits="3"></line>
                <line number="292" hits="3"></line>
                <line number="293" hits="2"></line>
                <line number="294" hits="2"></line>
                <line number="295" hits="2"></line>
                <line number="296" hits="2"></line>
                <line number="297" hits="2"></line>
                <line number="298" hits="1"></line>
                <line number="299" hits="1"></line>
                <line number="300" hits="1"></line>
                <line number="301" hits="1"></line>
                <line number="302" hits="1"></line>
                <line number="303" hits="1"></line>
                <line number="304" hits="1"></line>
                <line number="305" hits="1"></line>
                <line number="306" hits="1"></line>
                <line number="307" hits="1"></line>
                <line number="308" hits="3"></line>
                <line number="311" hits="3"></line>
                <line number="312" hits="3"></line>
                <line number="313" hits="3"></line>
                <line number="314" hits="1"></line>
                <line number="315" hits="1"></line>
                <line number="316" hits="1"></line>
                <line number="318" hits="2"></line>
                <line number="321" hits="2"></line>
                <line number="323" hits="2"></line>
                <line number="324" hits="2"></line>
                <line number="325" hits="2"></line>
                <line number="326" hits="2"></line>
                <line number="327" hits="2"></line>
                <line number="328" hits="2"></line>
                <line number="330" hits="1"></line>
                <line number="331" hits="1"></line>
                <line number="332" hits="1"></line>
                <line number="333" hits="1"></line>
                <line number="334" hits="1"></line>
                <line number="335" hits="1"></line>
                <line number="336" hits="1"></line>
                <line number="337" hits="1"></line>
                <line number="338" hits="1"></line>
                <line number="339" hits="1"></line>
                <line number="340" hits="1"></line>
                <line number="342" hits="1"></line>
                <line number="343" hits="1"></line>
                <line number="344" hits="1"></line>
                <line number="345" hits="1"></line>
                <line number="346" hits="1"></line>
                <line number="347" hits="1"></line>
              </lines>
            </method>
            <method name="downloadSinglePackage" signature="" line-rate="0.36231884" branch-rate="0" complexity="0">
              <lines>
                <line number="361" hits="6"></line>
                <line number="362" hits="6"></line>
                <line number="363" hits="6"></line>
                <line number="364" hits="6"></line>
                <line number="365" hits="6"></line>
                <line number="366" hits="6"></line>
                <line number="367" hits="6"></line>
                <line number="368" hits="6"></line>
                <line number="369" hits="6"></line>
                <line number="370" hits="0"></line>
                <line number="371" hits="0"></line>
                <line number="372" hits="0"></line>
                <line number="373" hits="0"></line>
                <line number="374" hits="0"></line>
                <line number="375" hits="0"></line>
                <line number="376" hits="0"></line>
                <line number="377" hits="0"></line>
                <line number="378" hits="0"></line>
                <line number="379" hits="0"></line>
                <line number="380" hits="0"></line>
                <line number="381" hits="4"></line>
                <line number="382" hits="4"></line>
                <line number="383" hits="0"></line>
                <line number="384" hits="0"></line>
                <line number="385" hits="0"></line>
                <line number="386" hits="0"></line>
                <line number="387" hits="0"></line>
                <line number="388" hits="0"></line>
                <line number="389" hits="0"></line>
                <line number="390" hits="0"></line>
                <line number="391" hits="0"></line>
                <line number="392" hits="0"></line>
                <line number="393" hits="0"></line>
                <line number="394" hits="0"></line>
                <line number="395" hits="0"></line>
                <line number="396" hits="0"></line>
                <line number="397" hits="0"></line>
                <line number="398" hits="0"></line>
                <line number="399" hits="0"></line>
                <line number="401" hits="4"></line>
                <line number="402" hits="0"></line>
                <line number="403" hits="0"></line>
                <line number="404" hits="0"></line>
                <line number="405" hits="4"></line>
                <line number="406" hits="4"></line>
                <line number="407" hits="4"></line>
                <line number="408" hits="4"></line>
                <line number="409" hits="1"></line>
                <line number="410" hits="1"></line>
                <line number="411" hits="1"></line>
                <line number="412" hits="1"></line>
                <line number="413" hits="1"></line>
                <line number="414" hits="1"></line>
                <line number="415" hits="1"></line>
                <line number="416" hits="1"></line>
                <line number="417" hits="0"></line>
                <line number="418" hits="0"></line>
                <line number="419" hits="0"></line>
                <line number="420" hits="0"></line>
                <line number="421" hits="0"></line>
                <line number="422" hits="0"></line>
                <line number="423" hits="0"></line>
                <line number="424" hits="0"></line>
                <line number="425" hits="0"></line>
                <line number="426" hits="0"></line>
                <line number="427" hits="0"></line>
                <line number="428" hits="0"></line>
                <line number="429" hits="0"></line>
                <line number="431" hits="6"></line>
              </lines>
            </method>
            <method name="parsePackagesFile" signature="" line-rate="1" branch-rate="0" complexity="0">
              <lines>
                <line number="437" hits="6"></line>
                <line number="438" hits="6"></line>
                <line number="439" hits="6"></line>
                <line number="440" hits="6"></line>
                <line number="441" hits="6"></line>
                <line number="442" hits="6"></line>
                <line number="443" hits="6"></line>
                <line number="444" hits="6"></line>
                <line number="445" hits="6"></line>
                <line number="446" hits="6"></line>
                <line number="447" hits="6"></line>
                <line number="448" hits="26"></line>
                <line number="449" hits="4"></line>
                <line number="450" hits="4"></line>
                <line number="451" hits="4"></line>
                <line number="452" hits="4"></line>
                <line number="453" hits="4"></line>
                <line number="454" hits="4"></line>
                <line number="455" hits="4"></line>
                <line number="456" hits="4"></line>
                <line number="457" hits="4"></line>
                <line number="458" hits="4"></line>
                <line number="459" hits="4"></line>
                <line number="462" hits="4"></line>
                <line number="463" hits="4"></line>
                <line number="464" hits="4"></line>
                <line number="465" hits="4"></line>
                <line number="466" hits="4"></line>
                <line number="467" hits="4"></line>
              </lines>
            </method>
            <method name="getBiocUrls" signature="" line-rate="1" branch-rate="0" complexity="0">
              <lines>
                <line number="471" hits="2"></line>
                <line number="472" hits="2"></line>
                <line number="473" hits="8"></line>
                <line number="474" hits="8"></line>
                <line number="475" hits="8"></line>
              </lines>
            </method>
            <method name="getBioConductorPackages" signature="" line-rate="1" branch-rate="0" complexity="0">
              <lines>
                <line number="480" hits="1"></line>
                <line number="481" hits="1"></line>
                <line number="482" hits="1"></line>
                <line number="483" hits="4"></line>
                <line number="484" hits="4"></line>
                <line number="485" hits="4"></line>
                <line number="486" hits="4"></line>
                <line number="487" hits="4"></line>
                <line number="488" hits="4"></line>
                <line number="489" hits="4"></line>
                <line number="490" hits="4"></line>
                <line number="491" hits="4"></line>
                <line number="492" hits="4"></line>
                <line number="493" hits="4"></line>
                <line number="494" hits="4"></line>
                <line number="495" hits="4"></line>
                <line number="496" hits="4"></line>
              </lines>
            </method>
            <method name="computeChecksums" signature="" line-rate="0.30769232" branch-rate="0" complexity="0">
              <lines>
                <line number="502" hits="1"></line>
                <line number="503" hits="1"></line>
                <line number="504" hits="0"></line>
                <line number="505" hits="0"></line>
                <line number="506" hits="0"></line>
                <line number="507" hits="0"></line>
                <line number="508" hits="0"></line>
                <line number="509" hits="0"></line>
                <line number="510" hits="0"></line>
                <line number="511" hits="0"></line>
                <line number="512" hits="0"></line>
                <line number="513" hits="1"></line>
                <line number="515" hits="1"></line>
              </lines>
            </method>
            <method name="downloadResultReceiver" signature="" line-rate="0.7407407" branch-rate="0" complexity="0">
              <lines>
                <line number="522" hits="1"></line>
                <line number="523" hits="1"></line>
                <line number="524" hits="1"></line>
                <line number="525" hits="1"></line>
                <line number="526" hits="1"></line>
                <line number="527" hits="1"></line>
                <line number="528" hits="0"></line>
                <line number="529" hits="0"></line>
                <line number="530" hits="0"></line>
                <line number="531" hits="0"></line>
                <line number="532" hits="0"></line>
                <line number="533" hits="0"></line>
                <line number="534" hits="1"></line>
                <line number="535" hits="1"></line>
                <line number="536" hits="26"></line>
                <line number="537" hits="6"></line>
                <line number="538" hits="5"></line>
                <line number="539" hits="5"></line>
                <line number="540" hits="5"></line>
                <line number="541" hits="1"></line>
                <line number="542" hits="1"></line>
                <line number="543" hits="1"></line>
                <line number="544" hits="6"></line>
                <line number="545" hits="6"></line>
                <line number="546" hits="0"></line>
                <line number="547" hits="0"></line>
                <line number="548" hits="0"></line>
                <line number="549" hits="0"></line>
                <line number="550" hits="6"></line>
                <line number="551" hits="6"></line>
                <line number="552" hits="6"></line>
                <line number="553" hits="6"></line>
                <line number="554" hits="5"></line>
                <line number="555" hits="5"></line>
                <line number="556" hits="1"></line>
                <line number="557" hits="1"></line>
[...]
            <line number="36" hits="12"></line>
            <line number="37" hits="1"></line>
            <line number="38" hits="1"></line>
            <line number="39" hits="1"></line>
            <line number="40" hits="1"></line>
            <line number="41" hits="1"></line>
            <line number="43" hits="1"></line>
            <line number="46" hits="0"></line>
            <line number="47" hits="0"></line>
            <line number="48" hits="0"></line>
            <line number="49" hits="0"></line>
            <line number="50" hits="0"></line>
            <line number="51" hits="0"></line>
            <line number="52" hits="0"></line>
            <line number="53" hits="0"></line>
            <line number="54" hits="0"></line>
            <line number="55" hits="0"></line>
            <line number="56" hits="0"></line>
            <line number="57" hits="0"></line>
            <line number="60" hits="0"></line>
            <line number="61" hits="0"></line>
            <line number="62" hits="0"></line>
            <line number="63" hits="0"></line>
            <line number="64" hits="0"></line>
            <line number="65" hits="0"></line>
            <line number="66" hits="0"></line>
            <line number="67" hits="0"></line>
            <line number="68" hits="0"></line>
            <line number="69" hits="0"></line>
            <line number="70" hits="0"></line>
            <line number="71" hits="0"></line>
            <line number="72" hits="0"></line>
            <line number="75" hits="0"></line>
            <line number="76" hits="0"></line>
            <line number="77" hits="0"></line>
            <line number="78" hits="0"></line>
            <line number="79" hits="0"></line>
          </lines>
        </class>
        <class name="-" filename="cmd/utils.go" line-rate="0.8064516" branch-rate="0" complexity="0">
          <methods>
            <method name="stringInSlice" signature="" line-rate="1" branch-rate="0" complexity="0">
              <lines>
                <line number="31" hits="4"></line>
                <line number="32" hits="4"></line>
                <line number="33" hits="3"></line>
                <line number="34" hits="3"></line>
                <line number="35" hits="3"></line>
                <line number="37" hits="1"></line>
              </lines>
            </method>
            <method name="checkError" signature="" line-rate="1" branch-rate="0" complexity="0">
              <lines>
                <line number="40" hits="345"></line>
                <line number="41" hits="7"></line>
                <line number="42" hits="7"></line>
                <line number="43" hits="7"></line>
              </lines>
            </method>
            <method name="clearCachedData" signature="" line-rate="0" branch-rate="0" complexity="0">
              <lines>
                <line number="46" hits="0"></line>
                <line number="47" hits="0"></line>
                <line number="48" hits="0"></line>
                <line number="49" hits="0"></line>
              </lines>
            </method>
            <method name="dirSize" signature="" line-rate="0" branch-rate="0" complexity="0">
              <lines>
                <line number="51" hits="0"></line>
                <line number="52" hits="0"></line>
                <line number="53" hits="0"></line>
                <line number="54" hits="0"></line>
                <line number="55" hits="0"></line>
                <line number="56" hits="0"></line>
                <line number="57" hits="0"></line>
                <line number="58" hits="0"></line>
                <line number="60" hits="0"></line>
              </lines>
            </method>
            <method name="writeJSON" signature="" line-rate="1" branch-rate="0" complexity="0">
              <lines>
                <line number="64" hits="1"></line>
                <line number="65" hits="1"></line>
                <line number="66" hits="1"></line>
                <line number="67" hits="1"></line>
                <line number="68" hits="1"></line>
                <line number="69" hits="1"></line>
                <line number="70" hits="1"></line>
                <line number="71" hits="1"></line>
                <line number="72" hits="1"></line>
              </lines>
            </method>
            <method name="readJSON" signature="" line-rate="1" branch-rate="0" complexity="0">
              <lines>
                <line number="74" hits="4"></line>
                <line number="75" hits="4"></line>
                <line number="76" hits="4"></line>
                <line number="77" hits="4"></line>
                <line number="78" hits="4"></line>
                <line number="79" hits="4"></line>
                <line number="80" hits="4"></line>
                <line number="81" hits="4"></line>
              </lines>
            </method>
            <method name="fillEnvFromSystem" signature="" line-rate="1" branch-rate="0" complexity="0">
              <lines>
                <line number="83" hits="5"></line>
                <line number="84" hits="5"></line>
                <line number="85" hits="1"></line>
                <line number="86" hits="1"></line>
                <line number="87" hits="1"></line>
                <line number="88" hits="1"></line>
                <line number="90" hits="5"></line>
              </lines>
            </method>
            <method name="execCommand" signature="" line-rate="0.6530612" branch-rate="0" complexity="0">
              <lines>
                <line number="95" hits="4"></line>
                <line number="96" hits="4"></line>
                <line number="97" hits="4"></line>
                <line number="98" hits="341"></line>
                <line number="99" hits="0"></line>
                <line number="100" hits="0"></line>
                <line number="101" hits="0"></line>
                <line number="102" hits="0"></line>
                <line number="103" hits="0"></line>
                <line number="104" hits="0"></line>
                <line number="105" hits="0"></line>
                <line number="106" hits="0"></line>
                <line number="107" hits="341"></line>
                <line number="108" hits="341"></line>
                <line number="112" hits="4"></line>
                <line number="113" hits="4"></line>
                <line number="114" hits="4"></line>
                <line number="115" hits="27"></line>
                <line number="116" hits="27"></line>
                <line number="117" hits="27"></line>
                <line number="120" hits="4"></line>
                <line number="121" hits="4"></line>
                <line number="122" hits="4"></line>
                <line number="123" hits="4"></line>
                <line number="124" hits="8"></line>
                <line number="125" hits="8"></line>
                <line number="126" hits="8"></line>
                <line number="128" hits="0"></line>
                <line number="129" hits="0"></line>
                <line number="130" hits="0"></line>
                <line number="131" hits="0"></line>
                <line number="132" hits="0"></line>
                <line number="133" hits="0"></line>
                <line number="136" hits="4"></line>
                <line number="137" hits="4"></line>
                <line number="138" hits="4"></line>
                <line number="139" hits="4"></line>
                <line number="140" hits="4"></line>
                <line number="141" hits="4"></line>
                <line number="142" hits="4"></line>
                <line number="143" hits="4"></line>
                <line number="144" hits="4"></line>
                <line number="145" hits="1"></line>
                <line number="146" hits="1"></line>
                <line number="147" hits="1"></line>
                <line number="149" hits="0"></line>
                <line number="150" hits="0"></line>
                <line number="151" hits="0"></line>
                <line number="153" hits="3"></line>
              </lines>
            </method>
            <method name="tsort" signature="" line-rate="1" branch-rate="0" complexity="0">
              <lines>
                <line number="156" hits="9"></line>
                <line number="157" hits="9"></line>
                <line number="158" hits="9"></line>
                <line number="159" hits="9"></line>
                <line number="160" hits="9"></line>
                <line number="161" hits="63"></line>
                <line number="162" hits="12"></line>
                <line number="163" hits="12"></line>
                <line number="164" hits="12"></line>
                <line number="165" hits="51"></line>
                <line number="166" hits="133"></line>
                <line number="167" hits="133"></line>
                <line number="168" hits="133"></line>
                <line number="172" hits="9"></line>
                <line number="173" hits="9"></line>
                <line number="174" hits="9"></line>
                <line number="175" hits="9"></line>
                <line number="176" hits="117"></line>
                <line number="177" hits="117"></line>
                <line number="178" hits="117"></line>
                <line number="179" hits="9"></line>
                <line number="180" hits="63"></line>
                <line number="181" hits="63"></line>
                <line number="182" hits="9"></line>
                <line number="183" hits="86"></line>
                <line number="184" hits="86"></line>
                <line number="186" hits="9"></line>
                <line number="187" hits="9"></line>
                <line number="188" hits="9"></line>
                <line number="189" hits="9"></line>
                <line number="190" hits="9"></line>
                <line number="191" hits="9"></line>
                <line number="192" hits="105"></line>
                <line number="193" hits="105"></line>
                <line number="194" hits="16"></line>
                <line number="195" hits="16"></line>
                <line number="196" hits="16"></line>
                <line number="198" hits="105"></line>
                <line number="201" hits="9"></line>
                <line number="202" hits="9"></line>
                <line number="203" hits="12"></line>
                <line number="204" hits="12"></line>
                <line number="206" hits="9"></line>
                <line number="207" hits="9"></line>
                <line number="208" hits="9"></line>
                <line number="209" hits="89"></line>
                <line number="210" hits="89"></line>
                <line number="211" hits="89"></line>
                <line number="215" hits="9"></line>
                <line number="216" hits="105"></line>
                <line number="217" hits="105"></line>
                <line number="218" hits="105"></line>
                <line number="221" hits="9"></line>
              </lines>
            </method>
            <method name="toEmptyMapString" signature="" line-rate="1" branch-rate="0" complexity="0">
              <lines>
                <line number="224" hits="2"></line>
                <line number="225" hits="2"></line>
                <line number="226" hits="2"></line>
                <line number="227" hits="9"></line>
                <line number="228" hits="9"></line>
                <line number="229" hits="2"></line>
              </lines>
            </method>
          </methods>
          <lines>
            <line number="31" hits="4"></line>
            <line number="32" hits="4"></line>
            <line number="33" hits="3"></line>
            <line number="34" hits="3"></line>
            <line number="35" hits="3"></line>
            <line number="37" hits="1"></line>
            <line number="40" hits="345"></line>
            <line number="41" hits="7"></line>
            <line number="42" hits="7"></line>
            <line number="43" hits="7"></line>
            <line number="46" hits="0"></line>
            <line number="47" hits="0"></line>
            <line number="48" hits="0"></line>
            <line number="49" hits="0"></line>
            <line number="51" hits="0"></line>
            <line number="52" hits="0"></line>
            <line number="53" hits="0"></line>
            <line number="54" hits="0"></line>
            <line number="55" hits="0"></line>
            <line number="56" hits="0"></line>
            <line number="57" hits="0"></line>
            <line number="58" hits="0"></line>
            <line number="60" hits="0"></line>
            <line number="64" hits="1"></line>
            <line number="65" hits="1"></line>
            <line number="66" hits="1"></line>
            <line number="67" hits="1"></line>
            <line number="68" hits="1"></line>
            <line number="69" hits="1"></line>
            <line number="70" hits="1"></line>
            <line number="71" hits="1"></line>
            <line number="72" hits="1"></line>
            <line number="74" hits="4"></line>
            <line number="75" hits="4"></line>
            <line number="76" hits="4"></line>
            <line number="77" hits="4"></line>
            <line number="78" hits="4"></line>
            <line number="79" hits="4"></line>
            <line number="80" hits="4"></line>
            <line number="81" hits="4"></line>
            <line number="83" hits="5"></line>
            <line number="84" hits="5"></line>
            <line number="85" hits="1"></line>
            <line number="86" hits="1"></line>
            <line number="87" hits="1"></line>
            <line number="88" hits="1"></line>
            <line number="90" hits="5"></line>
            <line number="95" hits="4"></line>
            <line number="96" hits="4"></line>
            <line number="97" hits="4"></line>
            <line number="98" hits="341"></line>
            <line number="99" hits="0"></line>
            <line number="100" hits="0"></line>
            <line number="101" hits="0"></line>
            <line number="102" hits="0"></line>
            <line number="103" hits="0"></line>
            <line number="104" hits="0"></line>
            <line number="105" hits="0"></line>
            <line number="106" hits="0"></line>
            <line number="107" hits="341"></line>
            <line number="108" hits="341"></line>
            <line number="112" hits="4"></line>
            <line number="113" hits="4"></line>
            <line number="114" hits="4"></line>
            <line number="115" hits="27"></line>
            <line number="116" hits="27"></line>
            <line number="117" hits="27"></line>
            <line number="120" hits="4"></line>
            <line number="121" hits="4"></line>
            <line number="122" hits="4"></line>
            <line number="123" hits="4"></line>
            <line number="124" hits="8"></line>
            <line number="125" hits="8"></line>
            <line number="126" hits="8"></line>
            <line number="128" hits="0"></line>
            <line number="129" hits="0"></line>
            <line number="130" hits="0"></line>
            <line number="131" hits="0"></line>
            <line number="132" hits="0"></line>
            <line number="133" hits="0"></line>
            <line number="136" hits="4"></line>
            <line number="137" hits="4"></line>
            <line number="138" hits="4"></line>
            <line number="139" hits="4"></line>
            <line number="140" hits="4"></line>
            <line number="141" hits="4"></line>
            <line number="142" hits="4"></line>
            <line number="143" hits="4"></line>
            <line number="144" hits="4"></line>
            <line number="145" hits="1"></line>
            <line number="146" hits="1"></line>
            <line number="147" hits="1"></line>
            <line number="149" hits="0"></line>
            <line number="150" hits="0"></line>
            <line number="151" hits="0"></line>
            <line number="153" hits="3"></line>
            <line number="156" hits="9"></line>
            <line number="157" hits="9"></line>
            <line number="158" hits="9"></line>
            <line number="159" hits="9"></line>
            <line number="160" hits="9"></line>
            <line number="161" hits="63"></line>
            <line number="162" hits="12"></line>
            <line number="163" hits="12"></line>
            <line number="164" hits="12"></line>
            <line number="165" hits="51"></line>
            <line number="166" hits="133"></line>
            <line number="167" hits="133"></line>
            <line number="168" hits="133"></line>
            <line number="172" hits="9"></line>
            <line number="173" hits="9"></line>
            <line number="174" hits="9"></line>
            <line number="175" hits="9"></line>
            <line number="176" hits="117"></line>
            <line number="177" hits="117"></line>
            <line number="178" hits="117"></line>
            <line number="179" hits="9"></line>
            <line number="180" hits="63"></line>
            <line number="181" hits="63"></line>
            <line number="182" hits="9"></line>
            <line number="183" hits="86"></line>
            <line number="184" hits="86"></line>
            <line number="186" hits="9"></line>
            <line number="187" hits="9"></line>
            <line number="188" hits="9"></line>
            <line number="189" hits="9"></line>
            <line number="190" hits="9"></line>
            <line number="191" hits="9"></line>
            <line number="192" hits="105"></line>
            <line number="193" hits="105"></line>
            <line number="194" hits="16"></line>
            <line number="195" hits="16"></line>
            <line number="196" hits="16"></line>
            <line number="198" hits="105"></line>
            <line number="201" hits="9"></line>
            <line number="202" hits="9"></line>
            <line number="203" hits="12"></line>
            <line number="204" hits="12"></line>
            <line number="206" hits="9"></line>
            <line number="207" hits="9"></line>
            <line number="208" hits="9"></line>
            <line number="209" hits="89"></line>
            <line number="210" hits="89"></line>
            <line number="211" hits="89"></line>
            <line number="215" hits="9"></line>
            <line number="216" hits="105"></line>
            <line number="217" hits="105"></line>
            <line number="218" hits="105"></line>
            <line number="221" hits="9"></line>
            <line number="224" hits="2"></line>
            <line number="225" hits="2"></line>
            <line number="226" hits="2"></line>
            <line number="227" hits="9"></line>
            <line number="228" hits="9"></line>
            <line number="229" hits="2"></line>
          </lines>
        </class>
      </classes>
    </package>
    <package name="github.com/insightsengineering/scribe" line-rate="0" branch-rate="0" complexity="0">
      <classes>
        <class name="-" filename="main.go" line-rate="0" branch-rate="0" complexity="0">
          <methods>
            <method name="main" signature="" line-rate="0" branch-rate="0" complexity="0">
              <lines>
                <line number="5" hits="0"></line>
                <line number="6" hits="0"></line>
                <line number="7" hits="0"></line>
              </lines>
            </method>
          </methods>
          <lines>
            <line number="5" hits="0"></line>
            <line number="6" hits="0"></line>
            <line number="7" hits="0"></line>
          </lines>
        </class>
      </classes>
    </package>
  </packages>
</coverage>
