<?xml version="1.0" encoding="UTF-8"?>
<!DOCTYPE coverage SYSTEM "http://cobertura.sourceforge.net/xml/coverage-04.dtd">
<coverage line-rate="0.6269956" branch-rate="0" version="" timestamp="1670500838938" lines-covered="432" lines-valid="689" branches-covered="0" branches-valid="0" complexity="0">
  <sources>
    <source>/home/runner/work/scribe/scribe</source>
  </sources>
  <packages>
    <package name="github.com/insightsengineering/scribe/cmd" line-rate="0.6297376" branch-rate="0" complexity="0">
      <classes>
        <class name="-" filename="cmd/download.go" line-rate="0.6995614" branch-rate="0" complexity="0">
          <methods>
            <method name="getRepositoryURL" signature="" line-rate="1" branch-rate="0" complexity="0">
              <lines>
                <line number="83" hits="11"></line>
                <line number="84" hits="11"></line>
                <line number="85" hits="11"></line>
                <line number="86" hits="2"></line>
                <line number="87" hits="2"></line>
                <line number="88" hits="2"></line>
                <line number="89" hits="2"></line>
                <line number="90" hits="1"></line>
                <line number="91" hits="1"></line>
                <line number="92" hits="6"></line>
                <line number="93" hits="6"></line>
                <line number="95" hits="11"></line>
              </lines>
            </method>
            <method name="downloadFile" signature="" line-rate="0" branch-rate="0" complexity="0">
              <lines>
                <line number="99" hits="0"></line>
                <line number="100" hits="0"></line>
                <line number="101" hits="0"></line>
                <line number="102" hits="0"></line>
                <line number="103" hits="0"></line>
                <line number="104" hits="0"></line>
                <line number="105" hits="0"></line>
                <line number="106" hits="0"></line>
                <line number="107" hits="0"></line>
                <line number="108" hits="0"></line>
                <line number="109" hits="0"></line>
                <line number="110" hits="0"></line>
                <line number="111" hits="0"></line>
                <line number="112" hits="0"></line>
                <line number="113" hits="0"></line>
                <line number="114" hits="0"></line>
                <line number="115" hits="0"></line>
                <line number="116" hits="0"></line>
                <line number="117" hits="0"></line>
                <line number="118" hits="0"></line>
                <line number="120" hits="0"></line>
                <line number="122" hits="0"></line>
              </lines>
            </method>
            <method name="cloneGitRepo" signature="" line-rate="0" branch-rate="0" complexity="0">
              <lines>
                <line number="134" hits="0"></line>
                <line number="135" hits="0"></line>
                <line number="136" hits="0"></line>
                <line number="137" hits="0"></line>
                <line number="138" hits="0"></line>
                <line number="139" hits="0"></line>
                <line number="140" hits="0"></line>
                <line number="141" hits="0"></line>
                <line number="142" hits="0"></line>
                <line number="143" hits="0"></line>
                <line number="144" hits="0"></line>
                <line number="145" hits="0"></line>
                <line number="146" hits="0"></line>
                <line number="147" hits="0"></line>
                <line number="148" hits="0"></line>
                <line number="149" hits="0"></line>
                <line number="150" hits="0"></line>
                <line number="152" hits="0"></line>
                <line number="153" hits="0"></line>
                <line number="154" hits="0"></line>
                <line number="155" hits="0"></line>
                <line number="156" hits="0"></line>
                <line number="157" hits="0"></line>
                <line number="158" hits="0"></line>
                <line number="159" hits="0"></line>
                <line number="160" hits="0"></line>
                <line number="161" hits="0"></line>
                <line number="162" hits="0"></line>
                <line number="163" hits="0"></line>
                <line number="165" hits="0"></line>
                <line number="166" hits="0"></line>
                <line number="167" hits="0"></line>
                <line number="168" hits="0"></line>
                <line number="169" hits="0"></line>
                <line number="170" hits="0"></line>
                <line number="171" hits="0"></line>
                <line number="172" hits="0"></line>
                <line number="173" hits="0"></line>
                <line number="174" hits="0"></line>
                <line number="175" hits="0"></line>
                <line number="176" hits="0"></line>
                <line number="177" hits="0"></line>
                <line number="178" hits="0"></line>
                <line number="179" hits="0"></line>
                <line number="180" hits="0"></line>
                <line number="181" hits="0"></line>
                <line number="182" hits="0"></line>
                <line number="183" hits="0"></line>
                <line number="184" hits="0"></line>
                <line number="185" hits="0"></line>
                <line number="186" hits="0"></line>
                <line number="187" hits="0"></line>
                <line number="188" hits="0"></line>
                <line number="189" hits="0"></line>
                <line number="192" hits="0"></line>
                <line number="193" hits="0"></line>
                <line number="194" hits="0"></line>
                <line number="195" hits="0"></line>
                <line number="196" hits="0"></line>
                <line number="198" hits="0"></line>
              </lines>
            </method>
            <method name="getPackageDetails" signature="" line-rate="1" branch-rate="0" complexity="0">
              <lines>
                <line number="204" hits="15"></line>
                <line number="205" hits="15"></line>
                <line number="206" hits="15"></line>
                <line number="207" hits="7"></line>
                <line number="208" hits="7"></line>
                <line number="209" hits="7"></line>
                <line number="210" hits="7"></line>
                <line number="211" hits="7"></line>
                <line number="212" hits="7"></line>
                <line number="213" hits="2"></line>
                <line number="214" hits="2"></line>
                <line number="215" hits="2"></line>
                <line number="216" hits="2"></line>
                <line number="217" hits="2"></line>
                <line number="218" hits="2"></line>
                <line number="219" hits="5"></line>
                <line number="220" hits="5"></line>
                <line number="221" hits="2"></line>
                <line number="222" hits="2"></line>
                <line number="223" hits="2"></line>
                <line number="224" hits="2"></line>
                <line number="225" hits="1"></line>
                <line number="226" hits="1"></line>
                <line number="227" hits="1"></line>
                <line number="229" hits="1"></line>
                <line number="230" hits="1"></line>
                <line number="233" hits="5"></line>
                <line number="234" hits="5"></line>
                <line number="235" hits="5"></line>
                <line number="236" hits="5"></line>
                <line number="237" hits="5"></line>
                <line number="238" hits="5"></line>
                <line number="239" hits="5"></line>
                <line number="241" hits="4"></line>
                <line number="242" hits="4"></line>
                <line number="243" hits="4"></line>
                <line number="244" hits="4"></line>
                <line number="245" hits="4"></line>
                <line number="246" hits="14"></line>
                <line number="247" hits="2"></line>
                <line number="248" hits="2"></line>
                <line number="249" hits="2"></line>
                <line number="250" hits="2"></line>
                <line number="251" hits="2"></line>
                <line number="252" hits="2"></line>
                <line number="253" hits="2"></line>
                <line number="254" hits="2"></line>
                <line number="255" hits="2"></line>
                <line number="256" hits="2"></line>
                <line number="260" hits="2"></line>
                <line number="261" hits="2"></line>
                <line number="262" hits="2"></line>
                <line number="263" hits="1"></line>
                <line number="264" hits="1"></line>
                <line number="265" hits="1"></line>
                <line number="267" hits="1"></line>
                <line number="268" hits="1"></line>
                <line number="271" hits="2"></line>
                <line number="272" hits="2"></line>
                <line number="273" hits="2"></line>
                <line number="274" hits="2"></line>
                <line number="275" hits="2"></line>
                <line number="276" hits="2"></line>
                <line number="277" hits="2"></line>
                <line number="279" hits="1"></line>
                <line number="280" hits="1"></line>
                <line number="281" hits="1"></line>
                <line number="282" hits="1"></line>
                <line number="283" hits="1"></line>
                <line number="284" hits="1"></line>
                <line number="285" hits="1"></line>
                <line number="286" hits="1"></line>
                <line number="287" hits="1"></line>
                <line number="288" hits="1"></line>
                <line number="289" hits="1"></line>
                <line number="291" hits="1"></line>
                <line number="292" hits="1"></line>
                <line number="293" hits="1"></line>
                <line number="294" hits="1"></line>
                <line number="295" hits="1"></line>
                <line number="296" hits="1"></line>
              </lines>
            </method>
            <method name="downloadSinglePackage" signature="" line-rate="0.4528302" branch-rate="0" complexity="0">
              <lines>
                <line number="308" hits="6"></line>
                <line number="309" hits="6"></line>
                <line number="310" hits="6"></line>
                <line number="311" hits="6"></line>
                <line number="312" hits="6"></line>
                <line number="313" hits="6"></line>
                <line number="314" hits="6"></line>
                <line number="315" hits="6"></line>
                <line number="316" hits="6"></line>
                <line number="317" hits="0"></line>
                <line number="318" hits="0"></line>
                <line number="319" hits="0"></line>
                <line number="320" hits="0"></line>
                <line number="321" hits="0"></line>
                <line number="322" hits="0"></line>
                <line number="323" hits="0"></line>
                <line number="324" hits="0"></line>
                <line number="325" hits="0"></line>
                <line number="326" hits="0"></line>
                <line number="327" hits="4"></line>
                <line number="328" hits="4"></line>
                <line number="329" hits="0"></line>
                <line number="330" hits="0"></line>
                <line number="331" hits="0"></line>
                <line number="332" hits="4"></line>
                <line number="333" hits="0"></line>
                <line number="334" hits="0"></line>
                <line number="335" hits="0"></line>
                <line number="336" hits="4"></line>
                <line number="337" hits="4"></line>
                <line number="338" hits="4"></line>
                <line number="339" hits="1"></line>
                <line number="340" hits="1"></line>
                <line number="341" hits="1"></line>
                <line number="342" hits="1"></line>
                <line number="343" hits="1"></line>
                <line number="344" hits="1"></line>
                <line number="345" hits="1"></line>
                <line number="346" hits="1"></line>
                <line number="347" hits="0"></line>
                <line number="348" hits="0"></line>
                <line number="349" hits="0"></line>
                <line number="350" hits="0"></line>
                <line number="351" hits="0"></line>
                <line number="352" hits="0"></line>
                <line number="353" hits="0"></line>
                <line number="354" hits="0"></line>
                <line number="355" hits="0"></line>
                <line number="356" hits="0"></line>
                <line number="357" hits="0"></line>
                <line number="358" hits="0"></line>
                <line number="359" hits="0"></line>
                <line number="361" hits="6"></line>
              </lines>
            </method>
            <method name="parsePackagesFile" signature="" line-rate="1" branch-rate="0" complexity="0">
              <lines>
                <line number="367" hits="6"></line>
                <line number="368" hits="6"></line>
                <line number="369" hits="6"></line>
                <line number="370" hits="6"></line>
                <line number="371" hits="6"></line>
                <line number="372" hits="6"></line>
                <line number="373" hits="6"></line>
                <line number="374" hits="6"></line>
                <line number="375" hits="6"></line>
                <line number="376" hits="6"></line>
                <line number="377" hits="6"></line>
                <line number="378" hits="26"></line>
                <line number="379" hits="4"></line>
                <line number="380" hits="4"></line>
                <line number="381" hits="4"></line>
                <line number="382" hits="4"></line>
                <line number="383" hits="4"></line>
                <line number="384" hits="4"></line>
                <line number="385" hits="4"></line>
                <line number="386" hits="4"></line>
                <line number="387" hits="4"></line>
                <line number="388" hits="4"></line>
                <line number="389" hits="4"></line>
                <line number="392" hits="4"></line>
                <line number="393" hits="4"></line>
                <line number="394" hits="4"></line>
                <line number="395" hits="4"></line>
                <line number="396" hits="4"></line>
                <line number="397" hits="4"></line>
              </lines>
            </method>
            <method name="getBiocUrls" signature="" line-rate="1" branch-rate="0" complexity="0">
              <lines>
                <line number="401" hits="2"></line>
                <line number="402" hits="2"></line>
                <line number="403" hits="8"></line>
                <line number="404" hits="8"></line>
                <line number="405" hits="8"></line>
              </lines>
            </method>
            <method name="getBioConductorPackages" signature="" line-rate="1" branch-rate="0" complexity="0">
              <lines>
                <line number="410" hits="1"></line>
                <line number="411" hits="1"></line>
                <line number="412" hits="1"></line>
                <line number="413" hits="4"></line>
                <line number="414" hits="4"></line>
                <line number="415" hits="4"></line>
                <line number="416" hits="4"></line>
                <line number="417" hits="4"></line>
                <line number="418" hits="4"></line>
                <line number="419" hits="4"></line>
                <line number="420" hits="4"></line>
                <line number="421" hits="4"></line>
                <line number="422" hits="4"></line>
                <line number="423" hits="4"></line>
                <line number="424" hits="4"></line>
                <line number="425" hits="4"></line>
                <line number="426" hits="4"></line>
              </lines>
            </method>
            <method name="computeChecksums" signature="" line-rate="0.30769232" branch-rate="0" complexity="0">
              <lines>
                <line number="432" hits="1"></line>
                <line number="433" hits="1"></line>
                <line number="434" hits="0"></line>
                <line number="435" hits="0"></line>
                <line number="436" hits="0"></line>
                <line number="437" hits="0"></line>
                <line number="438" hits="0"></line>
                <line number="439" hits="0"></line>
                <line number="440" hits="0"></line>
                <line number="441" hits="0"></line>
                <line number="442" hits="0"></line>
                <line number="443" hits="1"></line>
                <line number="445" hits="1"></line>
              </lines>
            </method>
            <method name="downloadResultReceiver" signature="" line-rate="0.7407407" branch-rate="0" complexity="0">
              <lines>
                <line number="452" hits="1"></line>
                <line number="453" hits="1"></line>
                <line number="454" hits="1"></line>
                <line number="455" hits="1"></line>
                <line number="456" hits="1"></line>
                <line number="457" hits="1"></line>
                <line number="458" hits="0"></line>
                <line number="459" hits="0"></line>
                <line number="460" hits="0"></line>
                <line number="461" hits="0"></line>
                <line number="462" hits="0"></line>
                <line number="463" hits="0"></line>
                <line number="464" hits="1"></line>
                <line number="465" hits="1"></line>
                <line number="466" hits="27"></line>
                <line number="467" hits="6"></line>
                <line number="468" hits="5"></line>
                <line number="469" hits="5"></line>
                <line number="470" hits="5"></line>
                <line number="471" hits="1"></line>
                <line number="472" hits="1"></line>
                <line number="473" hits="1"></line>
                <line number="474" hits="6"></line>
                <line number="475" hits="6"></line>
                <line number="476" hits="0"></line>
                <line number="477" hits="0"></line>
                <line number="478" hits="0"></line>
                <line number="479" hits="0"></line>
                <line number="480" hits="6"></line>
                <line number="481" hits="6"></line>
                <line number="482" hits="6"></line>
                <line number="483" hits="6"></line>
                <line number="484" hits="5"></line>
                <line number="485" hits="5"></line>
                <line number="486" hits="1"></line>
                <line number="487" hits="1"></line>
                <line number="488" hits="1"></line>
                <line number="489" hits="1"></line>
                <line number="491" hits="6"></line>
                <line number="492" hits="6"></line>
                <line number="493" hits="6"></line>
                <line number="494" hits="6"></line>
                <line number="495" hits="6"></line>
                <line number="496" hits="6"></line>
                <line number="497" hits="0"></line>
                <line number="498" hits="0"></line>
                <line number="499" hits="0"></line>
                <line number="500" hits="0"></line>
                <line number="501" hits="21"></line>
                <line number="502" hits="21"></line>
                <line number="503" hits="21"></line>
                <line number="507" hits="1"></line>
                <line number="508" hits="1"></line>
                <line number="512" hits="1"></line>
              </lines>
            </method>
            <method name="downloadPackages" signature="" line-rate="0.9727273" branch-rate="0" complexity="0">
              <lines>
                <line number="518" hits="1"></line>
                <line number="519" hits="1"></line>
                <line number="520" hits="1"></line>
                <line number="521" hits="1"></line>
                <line number="522" hits="1"></line>
                <line number="523" hits="1"></line>
                <line number="524" hits="1"></line>
                <line number="525" hits="3"></line>
                <line number="526" hits="3"></line>
                <line number="527" hits="3"></line>
                <line number="528" hits="3"></line>
                <line number="529" hits="3"></line>
                <line number="532" hits="1"></line>
                <line number="533" hits="1"></line>
                <line number="534" hits="1"></line>
                <line number="535" hits="1"></line>
                <line number="536" hits="1"></line>
                <line number="537" hits="1"></line>
                <line number="538" hits="1"></line>
                <line number="539" hits="1"></line>
                <line number="540" hits="1"></line>
                <line number="541" hits="1"></line>
                <line number="542" hits="1"></line>
                <line number="543" hits="1"></line>
                <line number="544" hits="1"></line>
                <line number="546" hits="1"></line>
                <line number="547" hits="1"></line>
                <line number="548" hits="1"></line>
                <line number="549" hits="1"></line>
                <line number="550" hits="1"></line>
                <line number="551" hits="1"></line>
                <line number="552" hits="1"></line>
                <line number="553" hits="1"></line>
                <line number="554" hits="1"></line>
                <line number="555" hits="1"></line>
                <line number="556" hits="1"></line>
                <line number="557" hits="1"></line>
                <line number="558" hits="1"></line>
                <line number="559" hits="1"></line>
                <line number="560" hits="1"></line>
                <line number="561" hits="1"></line>
                <line number="562" hits="1"></line>
                <line number="563" hits="1"></line>
                <line number="570" hits="1"></line>
                <line number="571" hits="1"></line>
                <line number="572" hits="1"></line>
                <line number="573" hits="1"></line>
                <line number="574" hits="1"></line>
                <line number="575" hits="1"></line>
                <line number="576" hits="1"></line>
                <line number="577" hits="0"></line>
                <line number="578" hits="0"></line>
                <line number="579" hits="0"></line>
                <line number="581" hits="1"></line>
                <line number="582" hits="1"></line>
                <line number="583" hits="1"></line>
                <line number="584" hits="1"></line>
                <line number="585" hits="1"></line>
                <line number="586" hits="1"></line>
                <line number="587" hits="1"></line>
                <line number="588" hits="1"></line>
                <line number="589" hits="1"></line>
                <line number="590" hits="1"></line>
                <line number="591" hits="1"></line>
                <line number="592" hits="1"></line>
                <line number="593" hits="1"></line>
                <line number="594" hits="1"></line>
                <line number="595" hits="1"></line>
                <line number="596" hits="1"></line>
                <line number="597" hits="1"></line>
                <line number="598" hits="1"></line>
                <line number="599" hits="1"></line>
                <line number="600" hits="1"></line>
                <line number="601" hits="1"></line>
                <line number="602" hits="1"></line>
                <line number="603" hits="6"></line>
                <line number="604" hits="6"></line>
                <line number="605" hits="6"></line>
                <line number="606" hits="6"></line>
                <line number="607" hits="6"></line>
                <line number="608" hits="6"></line>
                <line number="609" hits="6"></line>
                <line number="610" hits="6"></line>
                <line number="611" hits="6"></line>
                <line number="615" hits="1"></line>
                <line number="616" hits="1"></line>
                <line number="617" hits="1"></line>
                <line number="618" hits="1"></line>
                <line number="619" hits="1"></line>
                <line number="620" hits="1"></line>
                <line number="621" hits="1"></line>
                <line number="623" hits="1"></line>
                <line number="624" hits="1"></line>
                <line number="625" hits="1"></line>
                <line number="626" hits="1"></line>
                <line number="627" hits="1"></line>
                <line number="628" hits="1"></line>
                <line number="629" hits="1"></line>
                <line number="630" hits="1"></line>
                <line number="631" hits="1"></line>
                <line number="632" hits="1"></line>
                <line number="633" hits="1"></line>
                <line number="634" hits="1"></line>
                <line number="635" hits="1"></line>
                <line number="636" hits="1"></line>
                <line number="637" hits="1"></line>
                <line number="638" hits="1"></line>
                <line number="639" hits="1"></line>
                <line number="640" hits="1"></line>
                <line number="641" hits="1"></line>
              </lines>
            </method>
          </methods>
          <lines>
            <line number="83" hits="11"></line>
            <line number="84" hits="11"></line>
            <line number="85" hits="11"></line>
            <line number="86" hits="2"></line>
            <line number="87" hits="2"></line>
            <line number="88" hits="2"></line>
            <line number="89" hits="2"></line>
            <line number="90" hits="1"></line>
            <line number="91" hits="1"></line>
            <line number="92" hits="6"></line>
            <line number="93" hits="6"></line>
            <line number="95" hits="11"></line>
            <line number="99" hits="0"></line>
            <line number="100" hits="0"></line>
            <line number="101" hits="0"></line>
            <line number="102" hits="0"></line>
            <line number="103" hits="0"></line>
            <line number="104" hits="0"></line>
            <line number="105" hits="0"></line>
            <line number="106" hits="0"></line>
            <line number="107" hits="0"></line>
            <line number="108" hits="0"></line>
            <line number="109" hits="0"></line>
            <line number="110" hits="0"></line>
            <line number="111" hits="0"></line>
            <line number="112" hits="0"></line>
            <line number="113" hits="0"></line>
            <line number="114" hits="0"></line>
            <line number="115" hits="0"></line>
            <line number="116" hits="0"></line>
            <line number="117" hits="0"></line>
            <line number="118" hits="0"></line>
            <line number="120" hits="0"></line>
            <line number="122" hits="0"></line>
            <line number="134" hits="0"></line>
            <line number="135" hits="0"></line>
            <line number="136" hits="0"></line>
            <line number="137" hits="0"></line>
            <line number="138" hits="0"></line>
            <line number="139" hits="0"></line>
            <line number="140" hits="0"></line>
            <line number="141" hits="0"></line>
            <line number="142" hits="0"></line>
            <line number="143" hits="0"></line>
            <line number="144" hits="0"></line>
            <line number="145" hits="0"></line>
            <line number="146" hits="0"></line>
            <line number="147" hits="0"></line>
            <line number="148" hits="0"></line>
            <line number="149" hits="0"></line>
            <line number="150" hits="0"></line>
            <line number="152" hits="0"></line>
            <line number="153" hits="0"></line>
            <line number="154" hits="0"></line>
            <line number="155" hits="0"></line>
            <line number="156" hits="0"></line>
            <line number="157" hits="0"></line>
            <line number="158" hits="0"></line>
            <line number="159" hits="0"></line>
            <line number="160" hits="0"></line>
            <line number="161" hits="0"></line>
            <line number="162" hits="0"></line>
            <line number="163" hits="0"></line>
            <line number="165" hits="0"></line>
            <line number="166" hits="0"></line>
            <line number="167" hits="0"></line>
            <line number="168" hits="0"></line>
            <line number="169" hits="0"></line>
            <line number="170" hits="0"></line>
            <line number="171" hits="0"></line>
            <line number="172" hits="0"></line>
            <line number="173" hits="0"></line>
            <line number="174" hits="0"></line>
            <line number="175" hits="0"></line>
            <line number="176" hits="0"></line>
            <line number="177" hits="0"></line>
            <line number="178" hits="0"></line>
            <line number="179" hits="0"></line>
            <line number="180" hits="0"></line>
            <line number="181" hits="0"></line>
            <line number="182" hits="0"></line>
            <line number="183" hits="0"></line>
            <line number="184" hits="0"></line>
            <line number="185" hits="0"></line>
            <line number="186" hits="0"></line>
            <line number="187" hits="0"></line>
            <line number="188" hits="0"></line>
            <line number="189" hits="0"></line>
            <line number="192" hits="0"></line>
            <line number="193" hits="0"></line>
            <line number="194" hits="0"></line>
            <line number="195" hits="0"></line>
            <line number="196" hits="0"></line>
            <line number="198" hits="0"></line>
            <line number="204" hits="15"></line>
            <line number="205" hits="15"></line>
            <line number="206" hits="15"></line>
            <line number="207" hits="7"></line>
            <line number="208" hits="7"></line>
            <line number="209" hits="7"></line>
            <line number="210" hits="7"></line>
            <line number="211" hits="7"></line>
            <line number="212" hits="7"></line>
            <line number="213" hits="2"></line>
            <line number="214" hits="2"></line>
            <line number="215" hits="2"></line>
            <line number="216" hits="2"></line>
            <line number="217" hits="2"></line>
            <line number="218" hits="2"></line>
            <line number="219" hits="5"></line>
            <line number="220" hits="5"></line>
            <line number="221" hits="2"></line>
            <line number="222" hits="2"></line>
            <line number="223" hits="2"></line>
            <line number="224" hits="2"></line>
            <line number="225" hits="1"></line>
            <line number="226" hits="1"></line>
            <line number="227" hits="1"></line>
            <line number="229" hits="1"></line>
            <line number="230" hits="1"></line>
            <line number="233" hits="5"></line>
            <line number="234" hits="5"></line>
            <line number="235" hits="5"></line>
            <line number="236" hits="5"></line>
            <line number="237" hits="5"></line>
            <line number="238" hits="5"></line>
            <line number="239" hits="5"></line>
            <line number="241" hits="4"></line>
            <line number="242" hits="4"></line>
            <line number="243" hits="4"></line>
            <line number="244" hits="4"></line>
            <line number="245" hits="4"></line>
            <line number="246" hits="14"></line>
            <line number="247" hits="2"></line>
            <line number="248" hits="2"></line>
            <line number="249" hits="2"></line>
            <line number="250" hits="2"></line>
            <line number="251" hits="2"></line>
            <line number="252" hits="2"></line>
            <line number="253" hits="2"></line>
            <line number="254" hits="2"></line>
            <line number="255" hits="2"></line>
            <line number="256" hits="2"></line>
            <line number="260" hits="2"></line>
            <line number="261" hits="2"></line>
            <line number="262" hits="2"></line>
            <line number="263" hits="1"></line>
            <line number="264" hits="1"></line>
            <line number="265" hits="1"></line>
            <line number="267" hits="1"></line>
            <line number="268" hits="1"></line>
            <line number="271" hits="2"></line>
            <line number="272" hits="2"></line>
            <line number="273" hits="2"></line>
            <line number="274" hits="2"></line>
            <line number="275" hits="2"></line>
            <line number="276" hits="2"></line>
            <line number="277" hits="2"></line>
            <line number="279" hits="1"></line>
            <line number="280" hits="1"></line>
            <line number="281" hits="1"></line>
            <line number="282" hits="1"></line>
            <line number="283" hits="1"></line>
            <line number="284" hits="1"></line>
            <line number="285" hits="1"></line>
            <line number="286" hits="1"></line>
            <line number="287" hits="1"></line>
            <line number="288" hits="1"></line>
            <line number="289" hits="1"></line>
            <line number="291" hits="1"></line>
            <line number="292" hits="1"></line>
            <line number="293" hits="1"></line>
            <line number="294" hits="1"></line>
            <line number="295" hits="1"></line>
            <line number="296" hits="1"></line>
            <line number="308" hits="6"></line>
            <line number="309" hits="6"></line>
            <line number="310" hits="6"></line>
            <line number="311" hits="6"></line>
            <line number="312" hits="6"></line>
            <line number="313" hits="6"></line>
            <line number="314" hits="6"></line>
            <line number="315" hits="6"></line>
            <line number="316" hits="6"></line>
            <line number="317" hits="0"></line>
            <line number="318" hits="0"></line>
            <line number="319" hits="0"></line>
            <line number="320" hits="0"></line>
            <line number="321" hits="0"></line>
            <line number="322" hits="0"></line>
            <line number="323" hits="0"></line>
            <line number="324" hits="0"></line>
            <line number="325" hits="0"></line>
            <line number="326" hits="0"></line>
            <line number="327" hits="4"></line>
            <line number="328" hits="4"></line>
            <line number="329" hits="0"></line>
            <line number="330" hits="0"></line>
            <line number="331" hits="0"></line>
            <line number="332" hits="4"></line>
            <line number="333" hits="0"></line>
            <line number="334" hits="0"></line>
            <line number="335" hits="0"></line>
            <line number="336" hits="4"></line>
            <line number="337" hits="4"></line>
            <line number="338" hits="4"></line>
            <line number="339" hits="1"></line>
            <line number="340" hits="1"></line>
            <line number="341" hits="1"></line>
            <line number="342" hits="1"></line>
            <line number="343" hits="1"></line>
            <line number="344" hits="1"></line>
            <line number="345" hits="1"></line>
            <line number="346" hits="1"></line>
            <line number="347" hits="0"></line>
            <line number="348" hits="0"></line>
            <line number="349" hits="0"></line>
            <line number="350" hits="0"></line>
            <line number="351" hits="0"></line>
            <line number="352" hits="0"></line>
            <line number="353" hits="0"></line>
            <line number="354" hits="0"></line>
            <line number="355" hits="0"></line>
            <line number="356" hits="0"></line>
            <line number="357" hits="0"></line>
            <line number="358" hits="0"></line>
            <line number="359" hits="0"></line>
            <line number="361" hits="6"></line>
            <line number="367" hits="6"></line>
            <line number="368" hits="6"></line>
            <line number="369" hits="6"></line>
            <line number="370" hits="6"></line>
            <line number="371" hits="6"></line>
            <line number="372" hits="6"></line>
            <line number="373" hits="6"></line>
            <line number="374" hits="6"></line>
            <line number="375" hits="6"></line>
            <line number="376" hits="6"></line>
            <line number="377" hits="6"></line>
            <line number="378" hits="26"></line>
            <line number="379" hits="4"></line>
            <line number="380" hits="4"></line>
            <line number="381" hits="4"></line>
            <line number="382" hits="4"></line>
            <line number="383" hits="4"></line>
            <line number="384" hits="4"></line>
            <line number="385" hits="4"></line>
            <line number="386" hits="4"></line>
            <line number="387" hits="4"></line>
            <line number="388" hits="4"></line>
            <line number="389" hits="4"></line>
            <line number="392" hits="4"></line>
            <line number="393" hits="4"></line>
            <line number="394" hits="4"></line>
            <line number="395" hits="4"></line>
            <line number="396" hits="4"></line>
            <line number="397" hits="4"></line>
            <line number="401" hits="2"></line>
            <line number="402" hits="2"></line>
            <line number="403" hits="8"></line>
            <line number="404" hits="8"></line>
            <line number="405" hits="8"></line>
            <line number="410" hits="1"></line>
            <line number="411" hits="1"></line>
            <line number="412" hits="1"></line>
            <line number="413" hits="4"></line>
            <line number="414" hits="4"></line>
            <line number="415" hits="4"></line>
            <line number="416" hits="4"></line>
            <line number="417" hits="4"></line>
            <line number="418" hits="4"></line>
            <line number="419" hits="4"></line>
            <line number="420" hits="4"></line>
            <line number="421" hits="4"></line>
            <line number="422" hits="4"></line>
            <line number="423" hits="4"></line>
            <line number="424" hits="4"></line>
            <line number="425" hits="4"></line>
            <line number="426" hits="4"></line>
            <line number="432" hits="1"></line>
            <line number="433" hits="1"></line>
            <line number="434" hits="0"></line>
            <line number="435" hits="0"></line>
            <line number="436" hits="0"></line>
            <line number="437" hits="0"></line>
            <line number="438" hits="0"></line>
            <line number="439" hits="0"></line>
            <line number="440" hits="0"></line>
            <line number="441" hits="0"></line>
            <line number="442" hits="0"></line>
            <line number="443" hits="1"></line>
            <line number="445" hits="1"></line>
            <line number="452" hits="1"></line>
            <line number="453" hits="1"></line>
            <line number="454" hits="1"></line>
            <line number="455" hits="1"></line>
            <line number="456" hits="1"></line>
            <line number="457" hits="1"></line>
            <line number="458" hits="0"></line>
            <line number="459" hits="0"></line>
            <line number="460" hits="0"></line>
            <line number="461" hits="0"></line>
            <line number="462" hits="0"></line>
            <line number="463" hits="0"></line>
            <line number="464" hits="1"></line>
            <line number="465" hits="1"></line>
            <line number="466" hits="27"></line>
            <line number="467" hits="6"></line>
            <line number="468" hits="5"></line>
            <line number="469" hits="5"></line>
            <line number="470" hits="5"></line>
            <line number="471" hits="1"></line>
            <line number="472" hits="1"></line>
            <line number="473" hits="1"></line>
            <line number="474" hits="6"></line>
            <line number="475" hits="6"></line>
            <line number="476" hits="0"></line>
            <line number="477" hits="0"></line>
            <line number="478" hits="0"></line>
            <line number="479" hits="0"></line>
            <line number="480" hits="6"></line>
            <line number="481" hits="6"></line>
            <line number="482" hits="6"></line>
            <line number="483" hits="6"></line>
            <line number="484" hits="5"></line>
            <line number="485" hits="5"></line>
            <line number="486" hits="1"></line>
            <line number="487" hits="1"></line>
            <line number="488" hits="1"></line>
            <line number="489" hits="1"></line>
            <line number="491" hits="6"></line>
            <line number="492" hits="6"></line>
            <line number="493" hits="6"></line>
            <line number="494" hits="6"></line>
            <line number="495" hits="6"></line>
            <line number="496" hits="6"></line>
            <line number="497" hits="0"></line>
            <line number="498" hits="0"></line>
            <line number="499" hits="0"></line>
            <line number="500" hits="0"></line>
            <line number="501" hits="21"></line>
            <line number="502" hits="21"></line>
            <line number="503" hits="21"></line>
            <line number="507" hits="1"></line>
            <line number="508" hits="1"></line>
            <line number="512" hits="1"></line>
            <line number="518" hits="1"></line>
            <line number="519" hits="1"></line>
            <line number="520" hits="1"></line>
            <line number="521" hits="1"></line>
            <line number="522" hits="1"></line>
            <line number="523" hits="1"></line>
            <line number="524" hits="1"></line>
            <line number="525" hits="3"></line>
            <line number="526" hits="3"></line>
            <line number="527" hits="3"></line>
            <line number="528" hits="3"></line>
            <line number="529" hits="3"></line>
            <line number="532" hits="1"></line>
            <line number="533" hits="1"></line>
            <line number="534" hits="1"></line>
            <line number="535" hits="1"></line>
            <line number="536" hits="1"></line>
            <line number="537" hits="1"></line>
            <line number="538" hits="1"></line>
            <line number="539" hits="1"></line>
            <line number="540" hits="1"></line>
            <line number="541" hits="1"></line>
            <line number="542" hits="1"></line>
            <line number="543" hits="1"></line>
            <line number="544" hits="1"></line>
            <line number="546" hits="1"></line>
            <line number="547" hits="1"></line>
            <line number="548" hits="1"></line>
            <line number="549" hits="1"></line>
            <line number="550" hits="1"></line>
            <line number="551" hits="1"></line>
            <line number="552" hits="1"></line>
            <line number="553" hits="1"></line>
            <line number="554" hits="1"></line>
            <line number="555" hits="1"></line>
            <line number="556" hits="1"></line>
            <line number="557" hits="1"></line>
            <line number="558" hits="1"></line>
            <line number="559" hits="1"></line>
            <line number="560" hits="1"></line>
            <line number="561" hits="1"></line>
            <line number="562" hits="1"></line>
            <line number="563" hits="1"></line>
            <line number="570" hits="1"></line>
            <line number="571" hits="1"></line>
            <line number="572" hits="1"></line>
            <line number="573" hits="1"></line>
            <line number="574" hits="1"></line>
            <line number="575" hits="1"></line>
            <line number="576" hits="1"></line>
            <line number="577" hits="0"></line>
            <line number="578" hits="0"></line>
            <line number="579" hits="0"></line>
            <line number="581" hits="1"></line>
            <line number="582" hits="1"></line>
            <line number="583" hits="1"></line>
            <line number="584" hits="1"></line>
            <line number="585" hits="1"></line>
            <line number="586" hits="1"></line>
            <line number="587" hits="1"></line>
            <line number="588" hits="1"></line>
            <line number="589" hits="1"></line>
            <line number="590" hits="1"></line>
            <line number="591" hits="1"></line>
            <line number="592" hits="1"></line>
            <line number="593" hits="1"></line>
            <line number="594" hits="1"></line>
            <line number="595" hits="1"></line>
            <line number="596" hits="1"></line>
            <line number="597" hits="1"></line>
            <line number="598" hits="1"></line>
            <line number="599" hits="1"></line>
            <line number="600" hits="1"></line>
            <line number="601" hits="1"></line>
            <line number="602" hits="1"></line>
            <line number="603" hits="6"></line>
            <line number="604" hits="6"></line>
            <line number="605" hits="6"></line>
            <line number="606" hits="6"></line>
            <line number="607" hits="6"></line>
            <line number="608" hits="6"></line>
            <line number="609" hits="6"></line>
            <line number="610" hits="6"></line>
            <line number="611" hits="6"></line>
            <line number="615" hits="1"></line>
            <line number="616" hits="1"></line>
            <line number="617" hits="1"></line>
            <line number="618" hits="1"></line>
            <line number="619" hits="1"></line>
            <line number="620" hits="1"></line>
            <line number="621" hits="1"></line>
            <line number="623" hits="1"></line>
            <line number="624" hits="1"></line>
            <line number="625" hits="1"></line>
            <line number="626" hits="1"></line>
            <line number="627" hits="1"></line>
            <line number="628" hits="1"></line>
            <line number="629" hits="1"></line>
            <line number="630" hits="1"></line>
            <line number="631" hits="1"></line>
            <line number="632" hits="1"></line>
            <line number="633" hits="1"></line>
            <line number="634" hits="1"></line>
            <line number="635" hits="1"></line>
            <line number="636" hits="1"></line>
            <line number="637" hits="1"></line>
            <line number="638" hits="1"></line>
            <line number="639" hits="1"></line>
            <line number="640" hits="1"></line>
            <line number="641" hits="1"></line>
          </lines>
        </class>
        <class name="-" filename="cmd/renv.go" line-rate="1" branch-rate="0" complexity="0">
          <methods>
            <method name="getRenvLock" signature="" line-rate="1" branch-rate="0" complexity="0">
              <lines>
                <line number="60" hits="5"></line>
                <line number="61" hits="5"></line>
                <line number="62" hits="5"></line>
                <line number="63" hits="5"></line>
                <line number="64" hits="5"></line>
                <line number="65" hits="5"></line>
                <line number="66" hits="5"></line>
              </lines>
            </method>
            <method name="getRenvRepositoryURL" signature="" line-rate="1" branch-rate="0" complexity="0">
              <lines>
                <line number="68" hits="6"></line>
                <line number="69" hits="6"></line>
                <line number="70" hits="3"></line>
                <line number="71" hits="3"></line>
                <line number="72" hits="3"></line>
                <line number="75" hits="3"></line>
              </lines>
            </method>
            <method name="validatePackageFields" signature="" line-rate="1" branch-rate="0" complexity="0">
              <lines>
                <line number="79" hits="8"></line>
                <line number="80" hits="8"></line>
                <line number="81" hits="8"></line>
                <line number="82" hits="1"></line>
                <line number="83" hits="1"></line>
                <line number="84" hits="1"></line>
                <line number="85" hits="1"></line>
                <line number="86" hits="1"></line>
                <line number="87" hits="1"></line>
                <line number="88" hits="1"></line>
                <line number="89" hits="1"></line>
                <line number="90" hits="1"></line>
                <line number="92" hits="5"></line>
                <line number="93" hits="5"></line>
                <line number="94" hits="1"></line>
                <line number="95" hits="1"></line>
                <line number="96" hits="1"></line>
                <line number="100" hits="1"></line>
                <line number="101" hits="1"></line>
                <line number="102" hits="1"></line>
                <line number="103" hits="1"></line>
                <line number="105" hits="1"></line>
                <line number="106" hits="1"></line>
                <line number="107" hits="1"></line>
                <line number="108" hits="1"></line>
                <line number="109" hits="1"></line>
                <line number="110" hits="8"></line>
              </lines>
            </method>
            <method name="validateRenvLock" signature="" line-rate="1" branch-rate="0" complexity="0">
              <lines>
                <line number="114" hits="1"></line>
                <line number="115" hits="1"></line>
                <line number="116" hits="1"></line>
                <line number="117" hits="1"></line>
                <line number="118" hits="1"></line>
                <line number="119" hits="1"></line>
                <line number="120" hits="1"></line>
                <line number="121" hits="8"></line>
                <line number="122" hits="8"></line>
                <line number="123" hits="8"></line>
                <line number="124" hits="1"></line>
              </lines>
            </method>
          </methods>
          <lines>
            <line number="60" hits="5"></line>
            <line number="61" hits="5"></line>
            <line number="62" hits="5"></line>
            <line number="63" hits="5"></line>
            <line number="64" hits="5"></line>
            <line number="65" hits="5"></line>
            <line number="66" hits="5"></line>
            <line number="68" hits="6"></line>
            <line number="69" hits="6"></line>
            <line number="70" hits="3"></line>
            <line number="71" hits="3"></line>
            <line number="72" hits="3"></line>
            <line number="75" hits="3"></line>
            <line number="79" hits="8"></line>
            <line number="80" hits="8"></line>
            <line number="81" hits="8"></line>
            <line number="82" hits="1"></line>
            <line number="83" hits="1"></line>
            <line number="84" hits="1"></line>
            <line number="85" hits="1"></line>
            <line number="86" hits="1"></line>
            <line number="87" hits="1"></line>
            <line number="88" hits="1"></line>
            <line number="89" hits="1"></line>
            <line number="90" hits="1"></line>
            <line number="92" hits="5"></line>
            <line number="93" hits="5"></line>
            <line number="94" hits="1"></line>
            <line number="95" hits="1"></line>
            <line number="96" hits="1"></line>
            <line number="100" hits="1"></line>
            <line number="101" hits="1"></line>
            <line number="102" hits="1"></line>
            <line number="103" hits="1"></line>
            <line number="105" hits="1"></line>
            <line number="106" hits="1"></line>
            <line number="107" hits="1"></line>
            <line number="108" hits="1"></line>
            <line number="109" hits="1"></line>
            <line number="110" hits="8"></line>
            <line number="114" hits="1"></line>
            <line number="115" hits="1"></line>
            <line number="116" hits="1"></line>
            <line number="117" hits="1"></line>
            <line number="118" hits="1"></line>
            <line number="119" hits="1"></line>
            <line number="120" hits="1"></line>
            <line number="121" hits="8"></line>
            <line number="122" hits="8"></line>
            <line number="123" hits="8"></line>
            <line number="124" hits="1"></line>
          </lines>
        </class>
        <class name="-" filename="cmd/root.go" line-rate="0.22058824" branch-rate="0" complexity="0">
          <methods>
            <method name="setLogLevel" signature="" line-rate="0" branch-rate="0" complexity="0">
              <lines>
                <line number="44" hits="0"></line>
                <line number="45" hits="0"></line>
                <line number="46" hits="0"></line>
                <line number="47" hits="0"></line>
                <line number="48" hits="0"></line>
                <line number="49" hits="0"></line>
                <line number="50" hits="0"></line>
                <line number="51" hits="0"></line>
                <line number="52" hits="0"></line>
                <line number="53" hits="0"></line>
                <line number="54" hits="0"></line>
                <line number="55" hits="0"></line>
                <line number="56" hits="0"></line>
                <line number="57" hits="0"></line>
                <line number="58" hits="0"></line>
                <line number="59" hits="0"></line>
                <line number="60" hits="0"></line>
                <line number="61" hits="0"></line>
                <line number="62" hits="0"></line>
                <line number="64" hits="0"></line>
                <line number="65" hits="0"></line>
                <line number="66" hits="0"></line>
                <line number="67" hits="0"></line>
                <line number="68" hits="0"></line>
                <line number="69" hits="0"></line>
                <line number="70" hits="0"></line>
                <line number="71" hits="0"></line>
                <line number="72" hits="0"></line>
              </lines>
            </method>
            <method name="Execute" signature="" line-rate="0" branch-rate="0" complexity="0">
              <lines>
                <line number="96" hits="0"></line>
                <line number="97" hits="0"></line>
                <line number="98" hits="0"></line>
                <line number="99" hits="0"></line>
                <line number="100" hits="0"></line>
              </lines>
            </method>
            <method name="init" signature="" line-rate="1" branch-rate="0" complexity="0">
              <lines>
                <line number="103" hits="2"></line>
                <line number="104" hits="2"></line>
                <line number="105" hits="2"></line>
                <line number="106" hits="2"></line>
                <line number="107" hits="2"></line>
                <line number="108" hits="2"></line>
                <line number="109" hits="2"></line>
                <line number="110" hits="2"></line>
                <line number="111" hits="2"></line>
                <line number="112" hits="2"></line>
                <line number="113" hits="2"></line>
                <line number="114" hits="2"></line>
                <line number="115" hits="2"></line>
                <line number="116" hits="2"></line>
                <line number="117" hits="2"></line>
              </lines>
            </method>
            <method name="initConfig" signature="" line-rate="0" branch-rate="0" complexity="0">
              <lines>
                <line number="120" hits="0"></line>
                <line number="121" hits="0"></line>
                <line number="122" hits="0"></line>
                <line number="123" hits="0"></line>
                <line number="124" hits="0"></line>
                <line number="125" hits="0"></line>
                <line number="126" hits="0"></line>
                <line number="127" hits="0"></line>
                <line number="128" hits="0"></line>
                <line number="129" hits="0"></line>
                <line number="130" hits="0"></line>
                <line number="131" hits="0"></line>
                <line number="132" hits="0"></line>
                <line number="133" hits="0"></line>
                <line number="135" hits="0"></line>
                <line number="136" hits="0"></line>
                <line number="137" hits="0"></line>
                <line number="138" hits="0"></line>
                <line number="139" hits="0"></line>
                <line number="140" hits="0"></line>
              </lines>
            </method>
          </methods>
          <lines>
            <line number="44" hits="0"></line>
            <line number="45" hits="0"></line>
            <line number="46" hits="0"></line>
            <line number="47" hits="0"></line>
            <line number="48" hits="0"></line>
            <line number="49" hits="0"></line>
            <line number="50" hits="0"></line>
            <line number="51" hits="0"></line>
            <line number="52" hits="0"></line>
            <line number="53" hits="0"></line>
            <line number="54" hits="0"></line>
            <line number="55" hits="0"></line>
            <line number="56" hits="0"></line>
            <line number="57" hits="0"></line>
            <line number="58" hits="0"></line>
            <line number="59" hits="0"></line>
            <line number="60" hits="0"></line>
            <line number="61" hits="0"></line>
            <line number="62" hits="0"></line>
            <line number="64" hits="0"></line>
            <line number="65" hits="0"></line>
            <line number="66" hits="0"></line>
            <line number="67" hits="0"></line>
            <line number="68" hits="0"></line>
            <line number="69" hits="0"></line>
            <line number="70" hits="0"></line>
            <line number="71" hits="0"></line>
            <line number="72" hits="0"></line>
            <line number="96" hits="0"></line>
            <line number="97" hits="0"></line>
            <line number="98" hits="0"></line>
            <line number="99" hits="0"></line>
            <line number="100" hits="0"></line>
            <line number="103" hits="2"></line>
            <line number="104" hits="2"></line>
            <line number="105" hits="2"></line>
            <line number="106" hits="2"></line>
            <line number="107" hits="2"></line>
            <line number="108" hits="2"></line>
            <line number="109" hits="2"></line>
            <line number="110" hits="2"></line>
            <line number="111" hits="2"></line>
            <line number="112" hits="2"></line>
            <line number="113" hits="2"></line>
            <line number="114" hits="2"></line>
            <line number="115" hits="2"></line>
            <line number="116" hits="2"></line>
            <line number="117" hits="2"></line>
            <line number="120" hits="0"></line>
            <line number="121" hits="0"></line>
            <line number="122" hits="0"></line>
            <line number="123" hits="0"></line>
            <line number="124" hits="0"></line>
            <line number="125" hits="0"></line>
            <line number="126" hits="0"></line>
            <line number="127" hits="0"></line>
            <line number="128" hits="0"></line>
            <line number="129" hits="0"></line>
            <line number="130" hits="0"></line>
            <line number="131" hits="0"></line>
            <line number="132" hits="0"></line>
            <line number="133" hits="0"></line>
            <line number="135" hits="0"></line>
            <line number="136" hits="0"></line>
            <line number="137" hits="0"></line>
            <line number="138" hits="0"></line>
            <line number="139" hits="0"></line>
            <line number="140" hits="0"></line>
          </lines>
        </class>
        <class name="-" filename="cmd/systemreport.go" line-rate="0.37142858" branch-rate="0" complexity="0">
          <methods>
            <method name="getSystemRVersion" signature="" line-rate="0" branch-rate="0" complexity="0">
              <lines>
                <line number="39" hits="0"></line>
                <line number="40" hits="0"></line>
                <line number="41" hits="0"></line>
                <line number="42" hits="0"></line>
                <line number="43" hits="0"></line>
                <line number="44" hits="0"></line>
              </lines>
            </method>
            <method name="getEnvironmentVariables" signature="" line-rate="1" branch-rate="0" complexity="0">
              <lines>
                <line number="48" hits="1"></line>
                <line number="49" hits="1"></line>
                <line number="50" hits="1"></line>
                <line number="51" hits="1"></line>
                <line number="52" hits="1"></line>
                <line number="53" hits="105"></line>
                <line number="54" hits="105"></line>
                <line number="55" hits="2"></line>
                <line number="56" hits="2"></line>
                <line number="57" hits="2"></line>
                <line number="58" hits="103"></line>
                <line number="59" hits="103"></line>
                <line number="61" hits="1"></line>
              </lines>
            </method>
            <method name="getHostname" signature="" line-rate="0" branch-rate="0" complexity="0">
              <lines>
                <line number="64" hits="0"></line>
                <line number="65" hits="0"></line>
                <line number="66" hits="0"></line>
                <line number="67" hits="0"></line>
                <line number="68" hits="0"></line>
              </lines>
            </method>
            <method name="getOsInformation" signature="" line-rate="0" branch-rate="0" complexity="0">
              <lines>
                <line number="70" hits="0"></line>
                <line number="71" hits="0"></line>
                <line number="72" hits="0"></line>
                <line number="73" hits="0"></line>
                <line number="74" hits="0"></line>
                <line number="75" hits="0"></line>
                <line number="76" hits="0"></line>
                <line number="77" hits="0"></line>
                <line number="78" hits="0"></line>
                <line number="79" hits="0"></line>
                <line number="80" hits="0"></line>
              </lines>
            </method>
          </methods>
          <lines>
            <line number="39" hits="0"></line>
            <line number="40" hits="0"></line>
            <line number="41" hits="0"></line>
            <line number="42" hits="0"></line>
            <line number="43" hits="0"></line>
            <line number="44" hits="0"></line>
            <line number="48" hits="1"></line>
            <line number="49" hits="1"></line>
            <line number="50" hits="1"></line>
            <line number="51" hits="1"></line>
            <line number="52" hits="1"></line>
            <line number="53" hits="105"></line>
            <line number="54" hits="105"></line>
            <line number="55" hits="2"></line>
            <line number="56" hits="2"></line>
            <line number="57" hits="2"></line>
            <line number="58" hits="103"></line>
            <line number="59" hits="103"></line>
            <line number="61" hits="1"></line>
            <line number="64" hits="0"></line>
            <line number="65" hits="0"></line>
            <line number="66" hits="0"></line>
            <line number="67" hits="0"></line>
            <line number="68" hits="0"></line>
            <line number="70" hits="0"></line>
            <line number="71" hits="0"></line>
            <line number="72" hits="0"></line>
            <line number="73" hits="0"></line>
            <line number="74" hits="0"></line>
            <line number="75" hits="0"></line>
            <line number="76" hits="0"></line>
            <line number="77" hits="0"></line>
            <line number="78" hits="0"></line>
            <line number="79" hits="0"></line>
            <line number="80" hits="0"></line>
          </lines>
        </class>
        <class name="-" filename="cmd/systemreport_linux.go" line-rate="0.3125" branch-rate="0" complexity="0">
          <methods>
            <method name="parseEtcReleaseFile" signature="" line-rate="0.8333333" branch-rate="0" complexity="0">
              <lines>
                <line number="25" hits="1"></line>
                <line number="26" hits="1"></line>
                <line number="27" hits="1"></line>
                <line number="28" hits="0"></line>
                <line number="29" hits="0"></line>
                <line number="30" hits="0"></line>
                <line number="31" hits="1"></line>
                <line number="32" hits="1"></line>
                <line number="33" hits="1"></line>
                <line number="34" hits="1"></line>
                <line number="35" hits="1"></line>
                <line number="36" hits="12"></line>
                <line number="37" hits="1"></line>
                <line number="38" hits="1"></line>
                <line number="39" hits="1"></line>
                <line number="40" hits="1"></line>
                <line number="41" hits="1"></line>
                <line number="43" hits="1"></line>
              </lines>
            </method>
            <method name="parseProcVersionFile" signature="" line-rate="0" branch-rate="0" complexity="0">
              <lines>
                <line number="46" hits="0"></line>
                <line number="47" hits="0"></line>
                <line number="48" hits="0"></line>
                <line number="49" hits="0"></line>
                <line number="50" hits="0"></line>
                <line number="51" hits="0"></line>
                <line number="52" hits="0"></line>
                <line number="53" hits="0"></line>
                <line number="54" hits="0"></line>
                <line number="55" hits="0"></line>
                <line number="56" hits="0"></line>
                <line number="57" hits="0"></line>
              </lines>
            </method>
            <method name="getSystemPackages" signature="" line-rate="0" branch-rate="0" complexity="0">
              <lines>
                <line number="60" hits="0"></line>
                <line number="61" hits="0"></line>
                <line number="62" hits="0"></line>
                <line number="63" hits="0"></line>
                <line number="64" hits="0"></line>
                <line number="65" hits="0"></line>
                <line number="66" hits="0"></line>
                <line number="67" hits="0"></line>
                <line number="68" hits="0"></line>
                <line number="69" hits="0"></line>
                <line number="70" hits="0"></line>
                <line number="71" hits="0"></line>
                <line number="72" hits="0"></line>
              </lines>
            </method>
            <method name="getSystemDependentInfo" signature="" line-rate="0" branch-rate="0" complexity="0">
              <lines>
                <line number="75" hits="0"></line>
                <line number="76" hits="0"></line>
                <line number="77" hits="0"></line>
                <line number="78" hits="0"></line>
                <line number="79" hits="0"></line>
              </lines>
            </method>
          </methods>
          <lines>
            <line number="25" hits="1"></line>
            <line number="26" hits="1"></line>
            <line number="27" hits="1"></line>
            <line number="28" hits="0"></line>
            <line number="29" hits="0"></line>
            <line number="30" hits="0"></line>
            <line number="31" hits="1"></line>
            <line number="32" hits="1"></line>
            <line number="33" hits="1"></line>
            <line number="34" hits="1"></line>
            <line number="35" hits="1"></line>
            <line number="36" hits="12"></line>
            <line number="37" hits="1"></line>
            <line number="38" hits="1"></line>
            <line number="39" hits="1"></line>
            <line number="40" hits="1"></line>
            <line number="41" hits="1"></line>
            <line number="43" hits="1"></line>
            <line number="46" hits="0"></line>
            <line number="47" hits="0"></line>
            <line number="48" hits="0"></line>
            <line number="49" hits="0"></line>
            <line number="50" hits="0"></line>
            <line number="51" hits="0"></line>
            <line number="52" hits="0"></line>
            <line number="53" hits="0"></line>
            <line number="54" hits="0"></line>
            <line number="55" hits="0"></line>
            <line number="56" hits="0"></line>
            <line number="57" hits="0"></line>
            <line number="60" hits="0"></line>
            <line number="61" hits="0"></line>
            <line number="62" hits="0"></line>
            <line number="63" hits="0"></line>
            <line number="64" hits="0"></line>
            <line number="65" hits="0"></line>
            <line number="66" hits="0"></line>
            <line number="67" hits="0"></line>
            <line number="68" hits="0"></line>
            <line number="69" hits="0"></line>
            <line number="70" hits="0"></line>
            <line number="71" hits="0"></line>
            <line number="72" hits="0"></line>
            <line number="75" hits="0"></line>
            <line number="76" hits="0"></line>
            <line number="77" hits="0"></line>
            <line number="78" hits="0"></line>
            <line number="79" hits="0"></line>
          </lines>
        </class>
        <class name="-" filename="cmd/utils.go" line-rate="0.6785714" branch-rate="0" complexity="0">
          <methods>
            <method name="stringInSlice" signature="" line-rate="1" branch-rate="0" complexity="0">
              <lines>
                <line number="24" hits="4"></line>
                <line number="25" hits="4"></line>
                <line number="26" hits="3"></line>
                <line number="27" hits="3"></line>
                <line number="28" hits="3"></line>
                <line number="30" hits="1"></line>
              </lines>
            </method>
            <method name="checkError" signature="" line-rate="1" branch-rate="0" complexity="0">
              <lines>
                <line number="33" hits="28"></line>
                <line number="34" hits="5"></line>
                <line number="35" hits="5"></line>
                <line number="36" hits="5"></line>
              </lines>
            </method>
            <method name="dirSize" signature="" line-rate="0" branch-rate="0" complexity="0">
              <lines>
                <line number="39" hits="0"></line>
                <line number="40" hits="0"></line>
                <line number="41" hits="0"></line>
                <line number="42" hits="0"></line>
                <line number="43" hits="0"></line>
                <line number="44" hits="0"></line>
                <line number="45" hits="0"></line>
                <line number="46" hits="0"></line>
                <line number="48" hits="0"></line>
              </lines>
            </method>
            <method name="writeJSON" signature="" line-rate="1" branch-rate="0" complexity="0">
              <lines>
                <line number="52" hits="1"></line>
                <line number="53" hits="1"></line>
                <line number="54" hits="1"></line>
                <line number="55" hits="1"></line>
                <line number="56" hits="1"></line>
                <line number="57" hits="1"></line>
                <line number="58" hits="1"></line>
                <line number="59" hits="1"></line>
                <line number="60" hits="1"></line>
              </lines>
            </method>
          </methods>
          <lines>
            <line number="24" hits="4"></line>
            <line number="25" hits="4"></line>
            <line number="26" hits="3"></line>
            <line number="27" hits="3"></line>
            <line number="28" hits="3"></line>
            <line number="30" hits="1"></line>
            <line number="33" hits="28"></line>
            <line number="34" hits="5"></line>
            <line number="35" hits="5"></line>
            <line number="36" hits="5"></line>
            <line number="39" hits="0"></line>
            <line number="40" hits="0"></line>
            <line number="41" hits="0"></line>
            <line number="42" hits="0"></line>
            <line number="43" hits="0"></line>
            <line number="44" hits="0"></line>
            <line number="45" hits="0"></line>
            <line number="46" hits="0"></line>
            <line number="48" hits="0"></line>
            <line number="52" hits="1"></line>
            <line number="53" hits="1"></line>
            <line number="54" hits="1"></line>
            <line number="55" hits="1"></line>
            <line number="56" hits="1"></line>
            <line number="57" hits="1"></line>
            <line number="58" hits="1"></line>
            <line number="59" hits="1"></line>
            <line number="60" hits="1"></line>
          </lines>
        </class>
      </classes>
    </package>
    <package name="github.com/insightsengineering/scribe" line-rate="0" branch-rate="0" complexity="0">
      <classes>
        <class name="-" filename="main.go" line-rate="0" branch-rate="0" complexity="0">
          <methods>
            <method name="main" signature="" line-rate="0" branch-rate="0" complexity="0">
              <lines>
                <line number="5" hits="0"></line>
                <line number="6" hits="0"></line>
                <line number="7" hits="0"></line>
              </lines>
            </method>
          </methods>
          <lines>
            <line number="5" hits="0"></line>
            <line number="6" hits="0"></line>
            <line number="7" hits="0"></line>
          </lines>
        </class>
      </classes>
    </package>
  </packages>
</coverage>
